Fetching conversations for agent: agent_0801kb2240vcea2ayx0a2qxmheha
------------------------------------------------------------
Fetched 100 conversations so far...
Fetched 200 conversations so far...
Fetched 250 conversations so far...

Total conversations found: 250
============================================================

[1/250] conv_8301kccjd6yse858r60yjwe9akvc
    Date: 2025-12-13 19:18
    Duration: 11:15
    Status: done
    -> Already exists, skipping

[2/250] conv_4601kcchtejbf69bqcn3z6gmp8hx
    Date: 2025-12-13 19:08
    Duration: 07:33
    Status: done
    -> Already exists, skipping

[3/250] conv_2101kccds8ngeb1bcpv0e3xj6tqr
    Date: 2025-12-13 17:57
    Duration: 07:42
    Status: done
    -> Already exists, skipping

[4/250] conv_6201kccdckv4erftmaj6e2nkezae
    Date: 2025-12-13 17:50
    Duration: 01:54
    Status: done
    -> Downloading audio...
    -> Saved: conv_6201kccdckv4erftmaj6e2nkezae.mp3 (1.73 MB)
    -> Saved transcript

[5/250] conv_2001kcccrychfjk8fp7pxymymccq
    Date: 2025-12-13 17:40
    Duration: 10:30
    Status: done
    -> Downloading audio...
    -> Saved: conv_2001kcccrychfjk8fp7pxymymccq.mp3 (9.56 MB)
    -> Saved transcript

[6/250] conv_4301kcccrf5ne48am5ddphh76zat
    Date: 2025-12-13 17:39
    Duration: 00:06
    Status: done
    -> Downloading audio...
    -> Saved: conv_4301kcccrf5ne48am5ddphh76zat.mp3 (0.09 MB)
    -> Saved transcript

[7/250] conv_2801kc4s4m86erx8k7yyz4wfnf0p
    Date: 2025-12-10 18:42
    Duration: 00:02
    Status: failed
    -> Downloading audio...
    -> Saved: conv_2801kc4s4m86erx8k7yyz4wfnf0p.mp3 (0.02 MB)
    -> Saved transcript

[8/250] conv_2801kc4hmqrte59vctq3xyrrc8za
    Date: 2025-12-10 16:31
    Duration: 00:04
    Status: done
    -> Downloading audio...
    -> Saved: conv_2801kc4hmqrte59vctq3xyrrc8za.mp3 (0.00 MB)
    -> Saved transcript

[9/250] conv_7101kc4hm901emr8gjep6wvngpyc
    Date: 2025-12-10 16:31
    Duration: 00:09
    Status: failed
    -> Downloading audio...
    -> Saved: conv_7101kc4hm901emr8gjep6wvngpyc.mp3 (0.09 MB)
    -> Saved transcript

[10/250] conv_0601kc2xc1pffd3an301s6zd633p
    Date: 2025-12-10 01:17
    Duration: 00:01
    Status: done
    -> Downloading audio...
    -> Saved: conv_0601kc2xc1pffd3an301s6zd633p.mp3 (0.00 MB)
    -> Saved transcript

[11/250] conv_0401kc2xbq7heeq8kspac9j2wt9t
    Date: 2025-12-10 01:17
    Duration: 00:03
    Status: failed
    -> Downloading audio...
    -> Saved: conv_0401kc2xbq7heeq8kspac9j2wt9t.mp3 (0.02 MB)
    -> Saved transcript

[12/250] conv_6901kc0ha3egexk9sh40pxmawxmj
    Date: 2025-12-09 03:08
    Duration: 01:18
    Status: failed
    -> Downloading audio...
    -> Saved: conv_6901kc0ha3egexk9sh40pxmawxmj.mp3 (1.17 MB)
    -> Saved transcript

[13/250] conv_7501kc08jctje4g9jz55k9nvx7ab
    Date: 2025-12-09 00:35
    Duration: 39:48
    Status: done
    -> Downloading audio...
    -> Saved: conv_7501kc08jctje4g9jz55k9nvx7ab.mp3 (36.44 MB)
    -> Saved transcript

[14/250] conv_7401kc08dcdcfax9veg0hxbrpy9x
    Date: 2025-12-09 00:33
    Duration: 00:39
    Status: done
    -> Downloading audio...
    -> Saved: conv_7401kc08dcdcfax9veg0hxbrpy9x.mp3 (0.58 MB)
    -> Saved transcript

[15/250] conv_3101kc083je4egd9ndf7366crexr
    Date: 2025-12-09 00:27
    Duration: 00:02
    Status: failed
    -> Downloading audio...
    -> Saved: conv_3101kc083je4egd9ndf7366crexr.mp3 (0.02 MB)
    -> Saved transcript

[16/250] conv_1301kc083jf0ekk9sb1vqwgae1cm
    Date: 2025-12-09 00:27
    Duration: 00:02
    Status: failed
    -> Downloading audio...
    -> Saved: conv_1301kc083jf0ekk9sb1vqwgae1cm.mp3 (0.01 MB)
    -> Saved transcript

[17/250] conv_6001kc0826z6eqvsfrpbqj9npew4
    Date: 2025-12-09 00:26
    Duration: 00:02
    Status: failed
    -> Downloading audio...
    -> Saved: conv_6001kc0826z6eqvsfrpbqj9npew4.mp3 (0.02 MB)
    -> Saved transcript

[18/250] conv_9901kc081nhne8haf11p3jgs2wnv
    Date: 2025-12-09 00:26
    Duration: 00:02
    Status: failed
    -> Downloading audio...
    -> Saved: conv_9901kc081nhne8haf11p3jgs2wnv.mp3 (0.02 MB)
    -> Saved transcript

[19/250] conv_6401kc081ndre00va25rvhwe6wsf
    Date: 2025-12-09 00:26
    Duration: 00:02
    Status: failed
    -> Downloading audio...
    -> Saved: conv_6401kc081ndre00va25rvhwe6wsf.mp3 (0.02 MB)
    -> Saved transcript

[20/250] conv_5901kc07zm6fe99s6ffrc70de12w
    Date: 2025-12-09 00:25
    Duration: 00:47
    Status: failed
    -> Downloading audio...
    -> Saved: conv_5901kc07zm6fe99s6ffrc70de12w.mp3 (0.70 MB)
    -> Saved transcript

[21/250] conv_6201kc07zkx7fgcbfnv4tp15s1qf
    Date: 2025-12-09 00:25
    Duration: 00:48
    Status: failed
    -> Downloading audio...
    -> Saved: conv_6201kc07zkx7fgcbfnv4tp15s1qf.mp3 (0.71 MB)
    -> Saved transcript

[22/250] conv_0401kc074q1eep5a8f76dtzxstn4
    Date: 2025-12-09 00:10
    Duration: 03:28
    Status: done
    -> Downloading audio...
    -> Saved: conv_0401kc074q1eep5a8f76dtzxstn4.mp3 (3.17 MB)
    -> Saved transcript

[23/250] conv_7601kc06hdnhfmese3g1pkbbgw9x
    Date: 2025-12-09 00:00
    Duration: 01:57
    Status: done
    -> Downloading audio...
    -> Saved: conv_7601kc06hdnhfmese3g1pkbbgw9x.mp3 (1.78 MB)
    -> Saved transcript

[24/250] conv_1701kbzx0m0mf5xr47r821mznvq9
    Date: 2025-12-08 21:13
    Duration: 03:10
    Status: done
    -> Downloading audio...
    -> Saved: conv_1701kbzx0m0mf5xr47r821mznvq9.mp3 (2.89 MB)
    -> Saved transcript

[25/250] conv_5201kbzsm43vex3t5e451pmmcp4z
    Date: 2025-12-08 20:14
    Duration: 13:36
    Status: done
    -> Downloading audio...
    -> Saved: conv_5201kbzsm43vex3t5e451pmmcp4z.mp3 (12.44 MB)
    -> Saved transcript

[26/250] conv_3801kbzcsfq8f6v9n2bswsz5be9m
    Date: 2025-12-08 16:30
    Duration: 04:05
    Status: done
    -> Downloading audio...
    -> Saved: conv_3801kbzcsfq8f6v9n2bswsz5be9m.mp3 (3.73 MB)
    -> Saved transcript

[27/250] conv_3301kbza7qzqenrb8vn0r628kybq
    Date: 2025-12-08 15:45
    Duration: 04:38
    Status: done
    -> Downloading audio...
    -> Saved: conv_3301kbza7qzqenrb8vn0r628kybq.mp3 (4.22 MB)
    -> Saved transcript

[28/250] conv_9201kbxyy904ef8rbr4vsxcvgwhv
    Date: 2025-12-08 03:09
    Duration: 11:36
    Status: done
    -> Downloading audio...
    -> Saved: conv_9201kbxyy904ef8rbr4vsxcvgwhv.mp3 (10.63 MB)
    -> Saved transcript

[29/250] conv_6701kbxb2hjge6cr0f78x4t2dryg
    Date: 2025-12-07 21:21
    Duration: 06:13
    Status: done
    -> Downloading audio...
    -> Saved: conv_6701kbxb2hjge6cr0f78x4t2dryg.mp3 (5.69 MB)
    -> Saved transcript

[30/250] conv_7801kbx6ksm5ecyte2z9hw1de01d
    Date: 2025-12-07 20:03
    Duration: 01:18
    Status: done
    -> Downloading audio...
    -> Saved: conv_7801kbx6ksm5ecyte2z9hw1de01d.mp3 (1.17 MB)
    -> Saved transcript

[31/250] conv_3001kbx4pqemexh8svzee9dgpxtz
    Date: 2025-12-07 19:30
    Duration: 16:13
    Status: done
    -> Downloading audio...
    -> Saved: conv_3001kbx4pqemexh8svzee9dgpxtz.mp3 (14.84 MB)
    -> Saved transcript

[32/250] conv_3401kbwvyhmgfpm9gwfsc4ajenjb
    Date: 2025-12-07 16:57
    Duration: 03:00
    Status: done
    -> Downloading audio...
    -> Saved: conv_3401kbwvyhmgfpm9gwfsc4ajenjb.mp3 (2.73 MB)
    -> Saved transcript

[33/250] conv_3601kbvpyjrze2rv2rjm5k8yajvc
    Date: 2025-12-07 06:10
    Duration: 00:56
    Status: done
    -> Downloading audio...
    -> Saved: conv_3601kbvpyjrze2rv2rjm5k8yajvc.mp3 (0.85 MB)
    -> Saved transcript

[34/250] conv_5601kbvkdypwepmv83v8vpvxzc61
    Date: 2025-12-07 05:09
    Duration: 01:35
    Status: done
    -> Downloading audio...
    -> Saved: conv_5601kbvkdypwepmv83v8vpvxzc61.mp3 (1.43 MB)
    -> Saved transcript

[35/250] conv_0401kbvj8z3rfsfv6emxteh9y4ry
    Date: 2025-12-07 04:49
    Duration: 10:49
    Status: done
    -> Downloading audio...
    -> Saved: conv_0401kbvj8z3rfsfv6emxteh9y4ry.mp3 (9.89 MB)
    -> Saved transcript

[36/250] conv_3101kbvddqwwexw817561wkzzfys
    Date: 2025-12-07 03:24
    Duration: 04:17
    Status: done
    -> Downloading audio...
    -> Saved: conv_3101kbvddqwwexw817561wkzzfys.mp3 (3.91 MB)
    -> Saved transcript

[37/250] conv_0801kbvd1ch8fs5s7zjcj8bazc2c
    Date: 2025-12-07 03:17
    Duration: 06:17
    Status: done
    -> Downloading audio...
    -> Saved: conv_0801kbvd1ch8fs5s7zjcj8bazc2c.mp3 (5.74 MB)
    -> Saved transcript

[38/250] conv_5301kbvc8ef3fadtzvqz3643yqwh
    Date: 2025-12-07 03:04
    Duration: 00:02
    Status: done
    -> Downloading audio...
    -> Saved: conv_5301kbvc8ef3fadtzvqz3643yqwh.mp3 (0.03 MB)
    -> Saved transcript

[39/250] conv_0401kbvc7n5rewdbvwhq4rhz7pwk
    Date: 2025-12-07 03:03
    Duration: 00:10
    Status: done
    -> Downloading audio...
    -> Saved: conv_0401kbvc7n5rewdbvwhq4rhz7pwk.mp3 (0.14 MB)
    -> Saved transcript

[40/250] conv_7201kbtxm9vve1fskjh1rxrkcbm2
    Date: 2025-12-06 22:48
    Duration: 00:17
    Status: failed
    -> Downloading audio...
    -> Saved: conv_7201kbtxm9vve1fskjh1rxrkcbm2.mp3 (0.25 MB)
    -> Saved transcript

[41/250] conv_9901kbtxc98aeeyag44haxrfavnx
    Date: 2025-12-06 22:44
    Duration: 03:19
    Status: failed
    -> Downloading audio...
    -> Saved: conv_9901kbtxc98aeeyag44haxrfavnx.mp3 (3.02 MB)
    -> Saved transcript

[42/250] conv_2901kbtw8vzmeafbpgrngjgk3wkf
    Date: 2025-12-06 22:24
    Duration: 17:24
    Status: done
    -> Downloading audio...
    -> Saved: conv_2901kbtw8vzmeafbpgrngjgk3wkf.mp3 (15.91 MB)
    -> Saved transcript

[43/250] conv_9801kbttymmgevqvenvddvamewzt
    Date: 2025-12-06 22:01
    Duration: 22:20
    Status: done
    -> Downloading audio...
    -> Saved: conv_9801kbttymmgevqvenvddvamewzt.mp3 (20.44 MB)
    -> Saved transcript

[44/250] conv_0301kbtttn18e7trvgs7rc7f9raj
    Date: 2025-12-06 21:59
    Duration: 00:09
    Status: done
    -> Downloading audio...
    -> Saved: conv_0301kbtttn18e7trvgs7rc7f9raj.mp3 (0.12 MB)
    -> Saved transcript

[45/250] conv_1701kbttt2qkfwda8m5qcq4ptr83
    Date: 2025-12-06 21:59
    Duration: 00:06
    Status: done
    -> Downloading audio...
    -> Saved: conv_1701kbttt2qkfwda8m5qcq4ptr83.mp3 (0.08 MB)
    -> Saved transcript

[46/250] conv_6601kbttfpjtexxbk3qq6hgsdzz3
    Date: 2025-12-06 21:53
    Duration: 00:09
    Status: done
    -> Downloading audio...
    -> Saved: conv_6601kbttfpjtexxbk3qq6hgsdzz3.mp3 (0.12 MB)
    -> Saved transcript

[47/250] conv_6801kbtqc2ejftzteryp6hc196jd
    Date: 2025-12-06 20:59
    Duration: 12:18
    Status: done
    -> Downloading audio...
    -> Saved: conv_6801kbtqc2ejftzteryp6hc196jd.mp3 (11.26 MB)
    -> Saved transcript

[48/250] conv_4101kbtpj4ykfpjtq93k98n69qxf
    Date: 2025-12-06 20:44
    Duration: 00:40
    Status: done
    -> Downloading audio...
    -> Saved: conv_4101kbtpj4ykfpjtq93k98n69qxf.mp3 (0.59 MB)
    -> Saved transcript

[49/250] conv_9201kbrgkev0e5hb23rac4kx78tz
    Date: 2025-12-06 00:22
    Duration: 00:14
    Status: done
    -> Downloading audio...
    -> Saved: conv_9201kbrgkev0e5hb23rac4kx78tz.mp3 (0.21 MB)
    -> Saved transcript

[50/250] conv_7101kbr58p4tfyj9pzh7n1a1w0e5
    Date: 2025-12-05 21:04
    Duration: 04:21
    Status: done
    -> Downloading audio...
    -> Saved: conv_7101kbr58p4tfyj9pzh7n1a1w0e5.mp3 (3.96 MB)
    -> Saved transcript

[51/250] conv_7001kbr51rdweksrynaegaekk7bn
    Date: 2025-12-05 21:00
    Duration: 02:20
    Status: done
    -> Downloading audio...
    -> Saved: conv_7001kbr51rdweksrynaegaekk7bn.mp3 (2.11 MB)
    -> Saved transcript

[52/250] conv_9601kbqwpxhbe7ssbq0ngd2zmpt7
    Date: 2025-12-05 18:34
    Duration: 14:45
    Status: done
    -> Downloading audio...
    -> Saved: conv_9601kbqwpxhbe7ssbq0ngd2zmpt7.mp3 (13.43 MB)
    -> Saved transcript

[53/250] conv_4501kbqwjgq5e9wav4rnvf620e9m
    Date: 2025-12-05 18:32
    Duration: 00:24
    Status: done
    -> Downloading audio...
    -> Saved: conv_4501kbqwjgq5e9wav4rnvf620e9m.mp3 (0.31 MB)
    -> Saved transcript

[54/250] conv_5301kbpk0q5jf6zbz204ag5p519a
    Date: 2025-12-05 06:26
    Duration: 06:29
    Status: done
    -> Downloading audio...
    -> Saved: conv_5301kbpk0q5jf6zbz204ag5p519a.mp3 (5.94 MB)
    -> Saved transcript

[55/250] conv_1301kbpjsg3cegrvqjz8xmb15y9q
    Date: 2025-12-05 06:22
    Duration: 02:22
    Status: done
    -> Downloading audio...
    -> Saved: conv_1301kbpjsg3cegrvqjz8xmb15y9q.mp3 (2.15 MB)
    -> Saved transcript

[56/250] conv_5501kbpjmqpwecvt9t9rbzkgxh1c
    Date: 2025-12-05 06:19
    Duration: 00:59
    Status: done
    -> Downloading audio...
    -> Saved: conv_5501kbpjmqpwecvt9t9rbzkgxh1c.mp3 (0.89 MB)
    -> Saved transcript

[57/250] conv_8001kbpjh5n0evcrvbndtv6s7mj0
    Date: 2025-12-05 06:17
    Duration: 00:00
    Status: done
    -> Downloading audio...
    -> Saved: conv_8001kbpjh5n0evcrvbndtv6s7mj0.mp3 (0.00 MB)
    -> Saved transcript

[58/250] conv_0001kbphce2veg6b062mms6w5r2y
    Date: 2025-12-05 05:57
    Duration: 05:40
    Status: done
    -> Downloading audio...
    -> Saved: conv_0001kbphce2veg6b062mms6w5r2y.mp3 (5.18 MB)
    -> Saved transcript

[59/250] conv_9101kbpgnn0fedq8j6mqexp4s8hn
    Date: 2025-12-05 05:45
    Duration: 04:50
    Status: done
    -> Downloading audio...
    -> Saved: conv_9101kbpgnn0fedq8j6mqexp4s8hn.mp3 (4.42 MB)
    -> Saved transcript

[60/250] conv_2401kbpftf76f4bbw2yksjk92pwh
    Date: 2025-12-05 05:30
    Duration: 00:47
    Status: done
    -> Downloading audio...
    -> Saved: conv_2401kbpftf76f4bbw2yksjk92pwh.mp3 (0.70 MB)
    -> Saved transcript

[61/250] conv_0901kbpfkywae6aa9q6rwj2597kg
    Date: 2025-12-05 05:26
    Duration: 01:39
    Status: done
    -> Downloading audio...
    -> Saved: conv_0901kbpfkywae6aa9q6rwj2597kg.mp3 (1.51 MB)
    -> Saved transcript

[62/250] conv_2701kbpffzvje4yb9zama9zmpns4
    Date: 2025-12-05 05:24
    Duration: 01:19
    Status: done
    -> Downloading audio...
    -> Saved: conv_2701kbpffzvje4yb9zama9zmpns4.mp3 (1.21 MB)
    -> Saved transcript

[63/250] conv_9401kbpf6pxqfw8rhqvw91rn98dk
    Date: 2025-12-05 05:19
    Duration: 04:28
    Status: done
    -> Downloading audio...
    -> Saved: conv_9401kbpf6pxqfw8rhqvw91rn98dk.mp3 (4.05 MB)
    -> Saved transcript

[64/250] conv_0101kbpecpytekra5hdbk4npkpq6
    Date: 2025-12-05 05:05
    Duration: 04:33
    Status: done
    -> Downloading audio...
    -> Saved: conv_0101kbpecpytekra5hdbk4npkpq6.mp3 (4.16 MB)
    -> Saved transcript

[65/250] conv_9001kbpdpqf4ejea7e9xtxz3jrfz
    Date: 2025-12-05 04:53
    Duration: 07:30
    Status: done
    -> Downloading audio...
    -> Saved: conv_9001kbpdpqf4ejea7e9xtxz3jrfz.mp3 (6.86 MB)
    -> Saved transcript

[66/250] conv_5301kbp9p2f9fwv9w7d5gpbvk054
    Date: 2025-12-05 03:42
    Duration: 07:33
    Status: done
    -> Downloading audio...
    -> Saved: conv_5301kbp9p2f9fwv9w7d5gpbvk054.mp3 (6.89 MB)
    -> Saved transcript

[67/250] conv_3301kbp8048zenqs031h7nbwezfv
    Date: 2025-12-05 03:13
    Duration: 04:23
    Status: done
    -> Downloading audio...
    -> Saved: conv_3301kbp8048zenqs031h7nbwezfv.mp3 (4.00 MB)
    -> Saved transcript

[68/250] conv_1201kbp7zkswfnybntaegdbx7zk9
    Date: 2025-12-05 03:13
    Duration: 00:02
    Status: done
    -> Downloading audio...
    -> Saved: conv_1201kbp7zkswfnybntaegdbx7zk9.mp3 (0.00 MB)
    -> Saved transcript

[69/250] conv_0401kbp735tvfckr03efkqw9a1aq
    Date: 2025-12-05 02:57
    Duration: 01:07
    Status: done
    -> Downloading audio...
    -> Saved: conv_0401kbp735tvfckr03efkqw9a1aq.mp3 (1.02 MB)
    -> Saved transcript

[70/250] conv_0901kbp6cxa9etxbtkttxsrvy47d
    Date: 2025-12-05 02:45
    Duration: 06:07
    Status: done
    -> Downloading audio...
    -> Saved: conv_0901kbp6cxa9etxbtkttxsrvy47d.mp3 (5.59 MB)
    -> Saved transcript

[71/250] conv_2701kbp6cdy1e04s6s4e4y5dyhkb
    Date: 2025-12-05 02:45
    Duration: 00:02
    Status: done
    -> Downloading audio...
    -> Saved: conv_2701kbp6cdy1e04s6s4e4y5dyhkb.mp3 (0.02 MB)
    -> Saved transcript

[72/250] conv_1301kbp4zd2nfbk89j79mp9hd1z1
    Date: 2025-12-05 02:20
    Duration: 02:05
    Status: done
    -> Downloading audio...
    -> Saved: conv_1301kbp4zd2nfbk89j79mp9hd1z1.mp3 (1.88 MB)
    -> Saved transcript

[73/250] conv_8101kbp4ds3ve7es5dw94atsg1fn
    Date: 2025-12-05 02:11
    Duration: 01:46
    Status: done
    -> Downloading audio...
    -> Saved: conv_8101kbp4ds3ve7es5dw94atsg1fn.mp3 (1.62 MB)
    -> Saved transcript

[74/250] conv_5401kbp41q7ze0kb8egt9d1rxs41
    Date: 2025-12-05 02:04
    Duration: 01:55
    Status: done
    -> Downloading audio...
    -> Saved: conv_5401kbp41q7ze0kb8egt9d1rxs41.mp3 (1.75 MB)
    -> Saved transcript

[75/250] conv_0701kbp3t7c2fb5a2kwv1da007nb
    Date: 2025-12-05 02:00
    Duration: 03:38
    Status: done
    -> Downloading audio...
    -> Saved: conv_0701kbp3t7c2fb5a2kwv1da007nb.mp3 (3.31 MB)
    -> Saved transcript

[76/250] conv_0901kbp38sa1eeyrbvpxgjtptwjw
    Date: 2025-12-05 01:50
    Duration: 00:29
    Status: done
    -> Downloading audio...
    -> Saved: conv_0901kbp38sa1eeyrbvpxgjtptwjw.mp3 (0.44 MB)
    -> Saved transcript

[77/250] conv_4501kbp31g3xfzatcg8qrzmfcddm
    Date: 2025-12-05 01:46
    Duration: 02:20
    Status: done
    -> Downloading audio...
    -> Saved: conv_4501kbp31g3xfzatcg8qrzmfcddm.mp3 (2.13 MB)
    -> Saved transcript

[78/250] conv_4801kbp2xjhnftv8a8pqnj43bt15
    Date: 2025-12-05 01:44
    Duration: 00:06
    Status: done
    -> Downloading audio...
    -> Saved: conv_4801kbp2xjhnftv8a8pqnj43bt15.mp3 (0.08 MB)
    -> Saved transcript

[79/250] conv_7301kbp2p75ne3x94mdqgxn5cdez
    Date: 2025-12-05 01:40
    Duration: 03:51
    Status: done
    -> Downloading audio...
    -> Saved: conv_7301kbp2p75ne3x94mdqgxn5cdez.mp3 (3.52 MB)
    -> Saved transcript

[80/250] conv_3901kbp1vmn6ew7ad0x5ykav1qkb
    Date: 2025-12-05 01:26
    Duration: 11:24
    Status: done
    -> Downloading audio...
    -> Saved: conv_3901kbp1vmn6ew7ad0x5ykav1qkb.mp3 (10.37 MB)
    -> Saved transcript

[81/250] conv_7101kbp111x4fhmr1trc98aakngr
    Date: 2025-12-05 01:11
    Duration: 01:40
    Status: done
    -> Downloading audio...
    -> Saved: conv_7101kbp111x4fhmr1trc98aakngr.mp3 (1.52 MB)
    -> Saved transcript

[82/250] conv_8201kbp0vv7yenbvcwpwf1tkt1fw
    Date: 2025-12-05 01:08
    Duration: 00:48
    Status: done
    -> Downloading audio...
    -> Saved: conv_8201kbp0vv7yenbvcwpwf1tkt1fw.mp3 (0.72 MB)
    -> Saved transcript

[83/250] conv_1001kbnfw2sqe09v4jdnfcx678cm
    Date: 2025-12-04 20:11
    Duration: 00:09
    Status: done
    -> Downloading audio...
    -> Saved: conv_1001kbnfw2sqe09v4jdnfcx678cm.mp3 (0.12 MB)
    -> Saved transcript

[84/250] conv_5901kbdkhrk9fc69cvgtgncj6kjd
    Date: 2025-12-01 18:42
    Duration: 60:00
    Status: done
    -> Downloading audio...
    -> Saved: conv_5901kbdkhrk9fc69cvgtgncj6kjd.mp3 (54.92 MB)
    -> Saved transcript

[85/250] conv_5201kbbppg08ezds9pk1yftx63a7
    Date: 2025-12-01 00:58
    Duration: 00:13
    Status: done
    -> Downloading audio...
    -> Saved: conv_5201kbbppg08ezds9pk1yftx63a7.mp3 (0.18 MB)
    -> Saved transcript

[86/250] conv_1201kbbnypq2fc68vmgb1rsp7eav
    Date: 2025-12-01 00:45
    Duration: 00:53
    Status: done
    -> Downloading audio...
    -> Saved: conv_1201kbbnypq2fc68vmgb1rsp7eav.mp3 (0.80 MB)
    -> Saved transcript

[87/250] conv_1001kbaxjb2mfwnre22v8hbg56te
    Date: 2025-11-30 17:39
    Duration: 00:31
    Status: done
    -> Downloading audio...
    -> Saved: conv_1001kbaxjb2mfwnre22v8hbg56te.mp3 (0.47 MB)
    -> Saved transcript

[88/250] conv_2701kbax2y9jeh5v8fnd7zjk271j
    Date: 2025-11-30 17:31
    Duration: 03:02
    Status: done
    -> Downloading audio...
    -> Saved: conv_2701kbax2y9jeh5v8fnd7zjk271j.mp3 (2.78 MB)
    -> Saved transcript

[89/250] conv_7501kbawq0kvfv7bcb9gezns50zn
    Date: 2025-11-30 17:24
    Duration: 03:18
    Status: done
    -> Downloading audio...
    -> Saved: conv_7501kbawq0kvfv7bcb9gezns50zn.mp3 (3.01 MB)
    -> Saved transcript

[90/250] conv_5701kbawp8wzf2y8fqw456dcd1ec
    Date: 2025-11-30 17:24
    Duration: 00:14
    Status: done
    -> Downloading audio...
    -> Saved: conv_5701kbawp8wzf2y8fqw456dcd1ec.mp3 (0.20 MB)
    -> Saved transcript

[91/250] conv_3501kbawmr45ejp9hp9v59h2qktq
    Date: 2025-11-30 17:23
    Duration: 00:39
    Status: done
    -> Downloading audio...
    -> Saved: conv_3501kbawmr45ejp9hp9v59h2qktq.mp3 (0.58 MB)
    -> Saved transcript

[92/250] conv_5601kb9tsvjzfkd8b226z5vck5rf
    Date: 2025-11-30 07:31
    Duration: 03:15
    Status: done
    -> Downloading audio...
    -> Saved: conv_5601kb9tsvjzfkd8b226z5vck5rf.mp3 (2.97 MB)
    -> Saved transcript

[93/250] conv_6201kb9t3kx3ey797hwg1w7rt69f
    Date: 2025-11-30 07:19
    Duration: 03:25
    Status: done
    -> Downloading audio...
    -> Saved: conv_6201kb9t3kx3ey797hwg1w7rt69f.mp3 (3.12 MB)
    -> Saved transcript

[94/250] conv_0201kb9s6x5te2jsm01er0kf256h
    Date: 2025-11-30 07:04
    Duration: 03:36
    Status: done
    -> Downloading audio...
    -> Saved: conv_0201kb9s6x5te2jsm01er0kf256h.mp3 (3.29 MB)
    -> Saved transcript

[95/250] conv_3301kb9qnwhrf4p80m5v6bv62ftk
    Date: 2025-11-30 06:37
    Duration: 15:55
    Status: done
    -> Downloading audio...
    -> Saved: conv_3301kb9qnwhrf4p80m5v6bv62ftk.mp3 (14.57 MB)
    -> Saved transcript

[96/250] conv_6201kb9qaaxpeet8tgsw85fhs9jf
    Date: 2025-11-30 06:31
    Duration: 05:41
    Status: done
    -> Downloading audio...
    -> Saved: conv_6201kb9qaaxpeet8tgsw85fhs9jf.mp3 (5.19 MB)
    -> Saved transcript

[97/250] conv_2901kb9pwpkfff6vzgdwgdv8je8f
    Date: 2025-11-30 06:23
    Duration: 00:13
    Status: done
    -> Downloading audio...
    -> Saved: conv_2901kb9pwpkfff6vzgdwgdv8je8f.mp3 (0.19 MB)
    -> Saved transcript

[98/250] conv_1101kb9pd5feeyqamd6wfrseva9h
    Date: 2025-11-30 06:15
    Duration: 03:36
    Status: done
    -> Downloading audio...
    -> Saved: conv_1101kb9pd5feeyqamd6wfrseva9h.mp3 (3.28 MB)
    -> Saved transcript

[99/250] conv_2101kb9nteq3e709dawqwzgy5gqg
    Date: 2025-11-30 06:04
    Duration: 02:02
    Status: done
    -> Downloading audio...
    -> Saved: conv_2101kb9nteq3e709dawqwzgy5gqg.mp3 (1.86 MB)
    -> Saved transcript

[100/250] conv_6401kb9nc2bkfk4sz6c604he3wmd
    Date: 2025-11-30 05:57
    Duration: 01:20
    Status: done
    -> Downloading audio...
    -> Saved: conv_6401kb9nc2bkfk4sz6c604he3wmd.mp3 (1.21 MB)
    -> Saved transcript

[101/250] conv_3801kb9n8dt9encs7bkzsc4eaw7v
    Date: 2025-11-30 05:55
    Duration: 01:25
    Status: done
    -> Downloading audio...
    -> Saved: conv_3801kb9n8dt9encs7bkzsc4eaw7v.mp3 (1.30 MB)
    -> Saved transcript

[102/250] conv_8601kb9mmrr0ftxbyetd7kgbq3mq
    Date: 2025-11-30 05:44
    Duration: 03:08
    Status: done
    -> Downloading audio...
    -> Saved: conv_8601kb9mmrr0ftxbyetd7kgbq3mq.mp3 (2.85 MB)
    -> Saved transcript

[103/250] conv_9401kb9m95y0edc9m755ws47451y
    Date: 2025-11-30 05:37
    Duration: 06:12
    Status: done
    -> Downloading audio...
    -> Saved: conv_9401kb9m95y0edc9m755ws47451y.mp3 (5.67 MB)
    -> Saved transcript

[104/250] conv_8101kb9kfsj9f2ys72jawhkqdrtv
    Date: 2025-11-30 05:24
    Duration: 05:10
    Status: done
    -> Downloading audio...
    -> Saved: conv_8101kb9kfsj9f2ys72jawhkqdrtv.mp3 (4.73 MB)
    -> Saved transcript

[105/250] conv_9601kb9jpy7kf9dt1mt4h82r0mq7
    Date: 2025-11-30 05:10
    Duration: 05:24
    Status: done
    -> Downloading audio...
    -> Saved: conv_9601kb9jpy7kf9dt1mt4h82r0mq7.mp3 (4.93 MB)
    -> Saved transcript

[106/250] conv_9601kb9h2redfnbtw9n198wssz0k
    Date: 2025-11-30 04:42
    Duration: 04:17
    Status: done
    -> Downloading audio...
    -> Saved: conv_9601kb9h2redfnbtw9n198wssz0k.mp3 (3.93 MB)
    -> Saved transcript

[107/250] conv_2601kb9h05n7few823czvs46kg6m
    Date: 2025-11-30 04:40
    Duration: 01:16
    Status: done
    -> Downloading audio...
    -> Saved: conv_2601kb9h05n7few823czvs46kg6m.mp3 (1.16 MB)
    -> Saved transcript

[108/250] conv_9801kb9gnsk2eaj9m07jr6n9w2wf
    Date: 2025-11-30 04:34
    Duration: 02:25
    Status: done
    -> Downloading audio...
    -> Saved: conv_9801kb9gnsk2eaj9m07jr6n9w2wf.mp3 (2.22 MB)
    -> Saved transcript

[109/250] conv_1201kb9gayzzf64vd5j5j3c15wj4
    Date: 2025-11-30 04:29
    Duration: 00:37
    Status: done
    -> Downloading audio...
    -> Saved: conv_1201kb9gayzzf64vd5j5j3c15wj4.mp3 (0.56 MB)
    -> Saved transcript

[110/250] conv_4501kb9g0fhzfdh9s8yjjfc8yzka
    Date: 2025-11-30 04:23
    Duration: 01:17
    Status: done
    -> Downloading audio...
    -> Saved: conv_4501kb9g0fhzfdh9s8yjjfc8yzka.mp3 (1.17 MB)
    -> Saved transcript

[111/250] conv_8701kb9fqyr9ewas7p5qr95kdzx0
    Date: 2025-11-30 04:18
    Duration: 01:33
    Status: done
    -> Downloading audio...
    -> Saved: conv_8701kb9fqyr9ewas7p5qr95kdzx0.mp3 (1.41 MB)
    -> Saved transcript

[112/250] conv_9401kb9fkee2e0tbmwdtf6t1y941
    Date: 2025-11-30 04:16
    Duration: 00:57
    Status: done
    -> Downloading audio...
    -> Saved: conv_9401kb9fkee2e0tbmwdtf6t1y941.mp3 (0.86 MB)
    -> Saved transcript

[113/250] conv_0701kb9eje6pfv2rfbtxv53ms4df
    Date: 2025-11-30 03:58
    Duration: 02:07
    Status: done
    -> Downloading audio...
    -> Saved: conv_0701kb9eje6pfv2rfbtxv53ms4df.mp3 (1.94 MB)
    -> Saved transcript

[114/250] conv_3201kb9eb8r1eqytz9vrac4twmbb
    Date: 2025-11-30 03:54
    Duration: 01:53
    Status: done
    -> Downloading audio...
    -> Saved: conv_3201kb9eb8r1eqytz9vrac4twmbb.mp3 (1.73 MB)
    -> Saved transcript

[115/250] conv_0401kb9cstfee7x87ajcgd7zk4gn
    Date: 2025-11-30 03:27
    Duration: 18:49
    Status: done
    -> Downloading audio...
    -> Saved: conv_0401kb9cstfee7x87ajcgd7zk4gn.mp3 (17.21 MB)
    -> Saved transcript

[116/250] conv_5901kb9cdpnve948wxqaaex4y0df
    Date: 2025-11-30 03:20
    Duration: 04:20
    Status: done
    -> Downloading audio...
    -> Saved: conv_5901kb9cdpnve948wxqaaex4y0df.mp3 (3.95 MB)
    -> Saved transcript

[117/250] conv_4301kb9bwy8teksakd18cnnawjsk
    Date: 2025-11-30 03:11
    Duration: 03:30
    Status: done
    -> Downloading audio...
    -> Saved: conv_4301kb9bwy8teksakd18cnnawjsk.mp3 (3.19 MB)
    -> Saved transcript

[118/250] conv_7501kb9bf02ve9cbhepcpc14q4h0
    Date: 2025-11-30 03:03
    Duration: 01:15
    Status: done
    -> Downloading audio...
    -> Saved: conv_7501kb9bf02ve9cbhepcpc14q4h0.mp3 (1.13 MB)
    -> Saved transcript

[119/250] conv_5701kb9b2pryfkhaad3qhnskk93p
    Date: 2025-11-30 02:57
    Duration: 00:14
    Status: done
    -> Downloading audio...
    -> Saved: conv_5701kb9b2pryfkhaad3qhnskk93p.mp3 (0.19 MB)
    -> Saved transcript

[120/250] conv_8701kb9a6a2wew8vfpsn206k3tra
    Date: 2025-11-30 02:41
    Duration: 06:36
    Status: done
    -> Downloading audio...
    -> Saved: conv_8701kb9a6a2wew8vfpsn206k3tra.mp3 (6.03 MB)
    -> Saved transcript

[121/250] conv_0801kb9a1keweswa5mk7cyamrkba
    Date: 2025-11-30 02:39
    Duration: 01:02
    Status: done
    -> Downloading audio...
    -> Saved: conv_0801kb9a1keweswa5mk7cyamrkba.mp3 (0.94 MB)
    -> Saved transcript

[122/250] conv_8001kb99sj83eqqarc181tvxas97
    Date: 2025-11-30 02:34
    Duration: 01:37
    Status: done
    -> Downloading audio...
    -> Saved: conv_8001kb99sj83eqqarc181tvxas97.mp3 (1.47 MB)
    -> Saved transcript

[123/250] conv_3201kb96bkn4eaasbx02fcvwbfrj
    Date: 2025-11-30 01:34
    Duration: 00:50
    Status: done
    -> Downloading audio...
    -> Saved: conv_3201kb96bkn4eaasbx02fcvwbfrj.mp3 (0.75 MB)
    -> Saved transcript

[124/250] conv_5401kb95w914fbzrcd6512rty3dz
    Date: 2025-11-30 01:26
    Duration: 04:49
    Status: done
    -> Downloading audio...
    -> Saved: conv_5401kb95w914fbzrcd6512rty3dz.mp3 (4.40 MB)
    -> Saved transcript

[125/250] conv_5901kb95phm6edw9x5s0wpyn1e46
    Date: 2025-11-30 01:23
    Duration: 01:35
    Status: done
    -> Downloading audio...
    -> Saved: conv_5901kb95phm6edw9x5s0wpyn1e46.mp3 (1.45 MB)
    -> Saved transcript

[126/250] conv_3001kb95mccdf9w8gvmb3vzfberw
    Date: 2025-11-30 01:21
    Duration: 00:52
    Status: done
    -> Downloading audio...
    -> Saved: conv_3001kb95mccdf9w8gvmb3vzfberw.mp3 (0.79 MB)
    -> Saved transcript

[127/250] conv_7101kb951gr6ewgt7fb5p413y3mh
    Date: 2025-11-30 01:11
    Duration: 04:17
    Status: done
    -> Downloading audio...
    -> Saved: conv_7101kb951gr6ewgt7fb5p413y3mh.mp3 (3.92 MB)
    -> Saved transcript

[128/250] conv_4201kb94zstmfpz84tsnkp1a1mmg
    Date: 2025-11-30 01:10
    Duration: 00:22
    Status: done
    -> Downloading audio...
    -> Saved: conv_4201kb94zstmfpz84tsnkp1a1mmg.mp3 (0.34 MB)
    -> Saved transcript

[129/250] conv_8101kb94pyxgfwmr5wz1x80jbbx5
    Date: 2025-11-30 01:05
    Duration: 01:08
    Status: done
    -> Downloading audio...
    -> Saved: conv_8101kb94pyxgfwmr5wz1x80jbbx5.mp3 (1.04 MB)
    -> Saved transcript

[130/250] conv_7701kb93x166f8nrtz0tp69ncy79
    Date: 2025-11-30 00:51
    Duration: 00:33
    Status: done
    -> Downloading audio...
    -> Saved: conv_7701kb93x166f8nrtz0tp69ncy79.mp3 (0.49 MB)
    -> Saved transcript

[131/250] conv_3901kb93d0ctehfty3gjtd9qrq71
    Date: 2025-11-30 00:42
    Duration: 00:09
    Status: done
    -> Downloading audio...
    -> Saved: conv_3901kb93d0ctehfty3gjtd9qrq71.mp3 (0.13 MB)
    -> Saved transcript

[132/250] conv_0801kb92z1bbf9796d2d9zd94xkb
    Date: 2025-11-30 00:35
    Duration: 01:49
    Status: done
    -> Downloading audio...
    -> Saved: conv_0801kb92z1bbf9796d2d9zd94xkb.mp3 (1.67 MB)
    -> Saved transcript

[133/250] conv_5501kb92yjd7ejwbs152htxbf8r1
    Date: 2025-11-30 00:35
    Duration: 08:08
    Status: done
    -> Downloading audio...
    -> Saved: conv_5501kb92yjd7ejwbs152htxbf8r1.mp3 (7.45 MB)
    -> Saved transcript

[134/250] conv_5101kb92ga85f7mrw4tpfv7jmdah
    Date: 2025-11-30 00:27
    Duration: 01:18
    Status: done
    -> Downloading audio...
    -> Saved: conv_5101kb92ga85f7mrw4tpfv7jmdah.mp3 (1.18 MB)
    -> Saved transcript

[135/250] conv_6301kb91krzwfwctyjpv5pdkx1qm
    Date: 2025-11-30 00:11
    Duration: 01:17
    Status: done
    -> Downloading audio...
    -> Saved: conv_6301kb91krzwfwctyjpv5pdkx1qm.mp3 (1.19 MB)
    -> Saved transcript

[136/250] conv_1701kb91b1mqfy3ryfwd0qsf7g3m
    Date: 2025-11-30 00:06
    Duration: 02:58
    Status: done
    -> Downloading audio...
    -> Saved: conv_1701kb91b1mqfy3ryfwd0qsf7g3m.mp3 (2.71 MB)
    -> Saved transcript

[137/250] conv_1801kb90w8pqfjnap55rt19ps7zs
    Date: 2025-11-29 23:58
    Duration: 04:46
    Status: done
    -> Downloading audio...
    -> Saved: conv_1801kb90w8pqfjnap55rt19ps7zs.mp3 (4.36 MB)
    -> Saved transcript

[138/250] conv_3801kb90tq47ffst0hbe3ekj2k11
    Date: 2025-11-29 23:58
    Duration: 00:39
    Status: done
    -> Downloading audio...
    -> Saved: conv_3801kb90tq47ffst0hbe3ekj2k11.mp3 (0.59 MB)
    -> Saved transcript

[139/250] conv_7301kb90pg80e7yagf9ds3d99653
    Date: 2025-11-29 23:55
    Duration: 00:29
    Status: done
    -> Downloading audio...
    -> Saved: conv_7301kb90pg80e7yagf9ds3d99653.mp3 (0.44 MB)
    -> Saved transcript

[140/250] conv_4501kb90h8w8ee99q7gp4hnc66vp
    Date: 2025-11-29 23:52
    Duration: 02:22
    Status: done
    -> Downloading audio...
    -> Saved: conv_4501kb90h8w8ee99q7gp4hnc66vp.mp3 (2.16 MB)
    -> Saved transcript

[141/250] conv_1301kb905jhxec29pmft1pey1znn
    Date: 2025-11-29 23:46
    Duration: 00:49
    Status: done
    -> Downloading audio...
    -> Saved: conv_1301kb905jhxec29pmft1pey1znn.mp3 (0.74 MB)
    -> Saved transcript

[142/250] conv_5701kb8z59d6e1dbvk3gceb1mbeh
    Date: 2025-11-29 23:28
    Duration: 02:26
    Status: done
    -> Downloading audio...
    -> Saved: conv_5701kb8z59d6e1dbvk3gceb1mbeh.mp3 (2.22 MB)
    -> Saved transcript

[143/250] conv_1101kb8x7m4gfftt48fwtwrpf6r4
    Date: 2025-11-29 22:55
    Duration: 01:15
    Status: done
    -> Downloading audio...
    -> Saved: conv_1101kb8x7m4gfftt48fwtwrpf6r4.mp3 (1.13 MB)
    -> Saved transcript

[144/250] conv_8901kb8wzq87f6mb6df2y2qetdqd
    Date: 2025-11-29 22:50
    Duration: 00:43
    Status: done
    -> Downloading audio...
    -> Saved: conv_8901kb8wzq87f6mb6df2y2qetdqd.mp3 (0.66 MB)
    -> Saved transcript

[145/250] conv_2801kb8wxrxwe83shyq8fdd5sw8a
    Date: 2025-11-29 22:49
    Duration: 00:35
    Status: done
    -> Downloading audio...
    -> Saved: conv_2801kb8wxrxwe83shyq8fdd5sw8a.mp3 (0.54 MB)
    -> Saved transcript

[146/250] conv_1001kb8wrxfseztsjppy830g4n45
    Date: 2025-11-29 22:47
    Duration: 01:02
    Status: done
    -> Downloading audio...
    -> Saved: conv_1001kb8wrxfseztsjppy830g4n45.mp3 (0.95 MB)
    -> Saved transcript

[147/250] conv_6301kb8tey5zebdb4arn2yg6dycp
    Date: 2025-11-29 22:06
    Duration: 01:54
    Status: done
    -> Downloading audio...
    -> Saved: conv_6301kb8tey5zebdb4arn2yg6dycp.mp3 (1.73 MB)
    -> Saved transcript

[148/250] conv_0201kb8s40baf04sv78jfvx5twqd
    Date: 2025-11-29 21:43
    Duration: 02:39
    Status: done
    -> Downloading audio...
    -> Saved: conv_0201kb8s40baf04sv78jfvx5twqd.mp3 (2.42 MB)
    -> Saved transcript

[149/250] conv_3401kb8qpjmse3ctdm9v4dy8e502
    Date: 2025-11-29 21:18
    Duration: 00:18
    Status: done
    -> Downloading audio...
    -> Saved: conv_3401kb8qpjmse3ctdm9v4dy8e502.mp3 (0.27 MB)
    -> Saved transcript

[150/250] conv_0201kb8pwsakfnbr5drd2m8e6yty
    Date: 2025-11-29 21:04
    Duration: 12:20
    Status: done
    -> Downloading audio...
    -> Saved: conv_0201kb8pwsakfnbr5drd2m8e6yty.mp3 (11.29 MB)
    -> Saved transcript

[151/250] conv_1301kb8pcfggeqjt4x17v7m3avq9
    Date: 2025-11-29 20:55
    Duration: 00:42
    Status: done
    -> Downloading audio...
    -> Saved: conv_1301kb8pcfggeqjt4x17v7m3avq9.mp3 (0.64 MB)
    -> Saved transcript

[152/250] conv_8901kb8p21qeevdryd1q694dv337
    Date: 2025-11-29 20:49
    Duration: 02:51
    Status: done
    -> Downloading audio...
    -> Saved: conv_8901kb8p21qeevdryd1q694dv337.mp3 (2.61 MB)
    -> Saved transcript

[153/250] conv_9501kb8nna4yfeqa1t4t5kkywzcc
    Date: 2025-11-29 20:42
    Duration: 01:38
    Status: done
    -> Downloading audio...
    -> Saved: conv_9501kb8nna4yfeqa1t4t5kkywzcc.mp3 (1.48 MB)
    -> Saved transcript

[154/250] conv_1501kb8jqg86egmb6nrkhesbxnqp
    Date: 2025-11-29 19:51
    Duration: 00:17
    Status: done
    -> Downloading audio...
    -> Saved: conv_1501kb8jqg86egmb6nrkhesbxnqp.mp3 (0.25 MB)
    -> Saved transcript

[155/250] conv_3001kb8ja2cyemkva9r0e37hgxbv
    Date: 2025-11-29 19:44
    Duration: 01:25
    Status: done
    -> Downloading audio...
    -> Saved: conv_3001kb8ja2cyemkva9r0e37hgxbv.mp3 (1.29 MB)
    -> Saved transcript

[156/250] conv_5901kb8j6534fqkrfw13sy8qrmt2
    Date: 2025-11-29 19:42
    Duration: 01:47
    Status: done
    -> Downloading audio...
    -> Saved: conv_5901kb8j6534fqkrfw13sy8qrmt2.mp3 (1.62 MB)
    -> Saved transcript

[157/250] conv_6801kb8j43chfzdaap63z51jpvsf
    Date: 2025-11-29 19:41
    Duration: 00:49
    Status: done
    -> Downloading audio...
    -> Saved: conv_6801kb8j43chfzdaap63z51jpvsf.mp3 (0.75 MB)
    -> Saved transcript

[158/250] conv_9201kb8g77z8epkayyj0kk79x3x1
    Date: 2025-11-29 19:07
    Duration: 02:59
    Status: done
    -> Downloading audio...
    -> Saved: conv_9201kb8g77z8epkayyj0kk79x3x1.mp3 (2.73 MB)
    -> Saved transcript

[159/250] conv_0201kb8ezsm6eb9av4m8nnavb9ra
    Date: 2025-11-29 18:46
    Duration: 09:59
    Status: done
    -> Downloading audio...
    -> Saved: conv_0201kb8ezsm6eb9av4m8nnavb9ra.mp3 (9.13 MB)
    -> Saved transcript

[160/250] conv_7101kb8anh17e9eas9s3rsa3cz9p
    Date: 2025-11-29 17:30
    Duration: 00:19
    Status: done
    -> Downloading audio...
    -> Saved: conv_7101kb8anh17e9eas9s3rsa3cz9p.mp3 (0.27 MB)
    -> Saved transcript

[161/250] conv_5701kb89r017ekwaw9r5nwmzq6dk
    Date: 2025-11-29 17:14
    Duration: 02:36
    Status: done
    -> Downloading audio...
    -> Saved: conv_5701kb89r017ekwaw9r5nwmzq6dk.mp3 (2.36 MB)
    -> Saved transcript

[162/250] conv_8501kb898kfhem6v662430axkxf6
    Date: 2025-11-29 17:06
    Duration: 08:18
    Status: done
    -> Downloading audio...
    -> Saved: conv_8501kb898kfhem6v662430axkxf6.mp3 (7.59 MB)
    -> Saved transcript

[163/250] conv_6501kb7aabq9e4z81yxkxbyshyv6
    Date: 2025-11-29 08:05
    Duration: 03:17
    Status: done
    -> Downloading audio...
    -> Saved: conv_6501kb7aabq9e4z81yxkxbyshyv6.mp3 (3.00 MB)
    -> Saved transcript

[164/250] conv_2601kb78g6mhe0xtx3dgav1nvgp9
    Date: 2025-11-29 07:33
    Duration: 00:54
    Status: done
    -> Downloading audio...
    -> Saved: conv_2601kb78g6mhe0xtx3dgav1nvgp9.mp3 (0.82 MB)
    -> Saved transcript

[165/250] conv_5901kb77xkdye39vet9yx2ptd1gk
    Date: 2025-11-29 07:23
    Duration: 09:59
    Status: done
    -> Downloading audio...
    -> Saved: conv_5901kb77xkdye39vet9yx2ptd1gk.mp3 (9.13 MB)
    -> Saved transcript

[166/250] conv_7401kb768ajwe4abpnkwp3ps4nv8
    Date: 2025-11-29 06:54
    Duration: 10:00
    Status: done
    -> Downloading audio...
    -> Saved: conv_7401kb768ajwe4abpnkwp3ps4nv8.mp3 (9.13 MB)
    -> Saved transcript

[167/250] conv_6801kb767r7df8drqgzhaqchq8jq
    Date: 2025-11-29 06:54
    Duration: 00:06
    Status: done
    -> Downloading audio...
    -> Saved: conv_6801kb767r7df8drqgzhaqchq8jq.mp3 (0.08 MB)
    -> Saved transcript

[168/250] conv_8301kb75yh6pf8srty9w362cjkx8
    Date: 2025-11-29 06:49
    Duration: 01:03
    Status: done
    -> Downloading audio...
    -> Saved: conv_8301kb75yh6pf8srty9w362cjkx8.mp3 (0.95 MB)
    -> Saved transcript

[169/250] conv_7901kb75jpezehbanxkvf301ykak
    Date: 2025-11-29 06:42
    Duration: 00:07
    Status: done
    -> Downloading audio...
    -> Saved: conv_7901kb75jpezehbanxkvf301ykak.mp3 (0.10 MB)
    -> Saved transcript

[170/250] conv_4801kb73wdpmf99v6d3qfw01bjww
    Date: 2025-11-29 06:12
    Duration: 09:59
    Status: done
    -> Downloading audio...
    -> Saved: conv_4801kb73wdpmf99v6d3qfw01bjww.mp3 (9.13 MB)
    -> Saved transcript

[171/250] conv_0801kb73v460fgva76y669ttgwvq
    Date: 2025-11-29 06:12
    Duration: 00:40
    Status: done
    -> Downloading audio...
    -> Saved: conv_0801kb73v460fgva76y669ttgwvq.mp3 (0.59 MB)
    -> Saved transcript

[172/250] conv_9801kb73p81pfzn91430bq94xrcn
    Date: 2025-11-29 06:09
    Duration: 00:55
    Status: done
    -> Downloading audio...
    -> Saved: conv_9801kb73p81pfzn91430bq94xrcn.mp3 (0.84 MB)
    -> Saved transcript

[173/250] conv_6801kb73mwfbeg3svgxd5nb7y52f
    Date: 2025-11-29 06:08
    Duration: 00:41
    Status: done
    -> Downloading audio...
    -> Saved: conv_6801kb73mwfbeg3svgxd5nb7y52f.mp3 (0.63 MB)
    -> Saved transcript

[174/250] conv_3701kb73b8gcf0fb9b73eexa7djz
    Date: 2025-11-29 06:03
    Duration: 01:28
    Status: done
    -> Downloading audio...
    -> Saved: conv_3701kb73b8gcf0fb9b73eexa7djz.mp3 (1.34 MB)
    -> Saved transcript

[175/250] conv_0901kb736qgvedf8vkq55wf4x8qe
    Date: 2025-11-29 06:01
    Duration: 02:24
    Status: done
    -> Downloading audio...
    -> Saved: conv_0901kb736qgvedf8vkq55wf4x8qe.mp3 (2.15 MB)
    -> Saved transcript

[176/250] conv_5001kb732rwmfaksgd1rv8xgzfwq
    Date: 2025-11-29 05:58
    Duration: 01:08
    Status: done
    -> Downloading audio...
    -> Saved: conv_5001kb732rwmfaksgd1rv8xgzfwq.mp3 (1.03 MB)
    -> Saved transcript

[177/250] conv_3201kb72zqyce0rs5a7r3mkfkz1h
    Date: 2025-11-29 05:57
    Duration: 01:17
    Status: done
    -> Downloading audio...
    -> Saved: conv_3201kb72zqyce0rs5a7r3mkfkz1h.mp3 (1.18 MB)
    -> Saved transcript

[178/250] conv_1501kb72rgqefqrtv6nd4gyb6fcy
    Date: 2025-11-29 05:53
    Duration: 03:51
    Status: done
    -> Downloading audio...
    -> Saved: conv_1501kb72rgqefqrtv6nd4gyb6fcy.mp3 (3.52 MB)
    -> Saved transcript

[179/250] conv_3301kb72jz74egeah7cfdgm7x6ek
    Date: 2025-11-29 05:50
    Duration: 01:43
    Status: done
    -> Downloading audio...
    -> Saved: conv_3301kb72jz74egeah7cfdgm7x6ek.mp3 (1.56 MB)
    -> Saved transcript

[180/250] conv_9801kb72fktbf6a8g1sn9dm5r7sk
    Date: 2025-11-29 05:48
    Duration: 01:45
    Status: done
    -> Downloading audio...
    -> Saved: conv_9801kb72fktbf6a8g1sn9dm5r7sk.mp3 (1.59 MB)
    -> Saved transcript

[181/250] conv_4501kb72cy9ffvvac3jt9mhcj4d0
    Date: 2025-11-29 05:46
    Duration: 01:07
    Status: done
    -> Downloading audio...
    -> Saved: conv_4501kb72cy9ffvvac3jt9mhcj4d0.mp3 (1.02 MB)
    -> Saved transcript

[182/250] conv_8601kb726t1semeat8xs3jt293w0
    Date: 2025-11-29 05:43
    Duration: 00:20
    Status: done
    -> Downloading audio...
    -> Saved: conv_8601kb726t1semeat8xs3jt293w0.mp3 (0.30 MB)
    -> Saved transcript

[183/250] conv_6501kb6y89tbf4dt1pxjx2p2kjz4
    Date: 2025-11-29 04:34
    Duration: 00:03
    Status: done
    -> Downloading audio...
    -> Saved: conv_6501kb6y89tbf4dt1pxjx2p2kjz4.mp3 (0.04 MB)
    -> Saved transcript

[184/250] conv_5901kb6y2m0rfwbtg2jeqc776eqx
    Date: 2025-11-29 04:31
    Duration: 03:05
    Status: done
    -> Downloading audio...
    -> Saved: conv_5901kb6y2m0rfwbtg2jeqc776eqx.mp3 (2.81 MB)
    -> Saved transcript

[185/250] conv_6101kb61fkb9f0m99c8at8phfg2w
    Date: 2025-11-28 20:11
    Duration: 00:20
    Status: done
    -> Downloading audio...
    -> Saved: conv_6101kb61fkb9f0m99c8at8phfg2w.mp3 (0.30 MB)
    -> Saved transcript

[186/250] conv_3001kb5s3vtxe08spknzyz8v81cd
    Date: 2025-11-28 17:45
    Duration: 00:20
    Status: done
    -> Downloading audio...
    -> Saved: conv_3001kb5s3vtxe08spknzyz8v81cd.mp3 (0.28 MB)
    -> Saved transcript

[187/250] conv_9301kb5qtbryfdssq2cas6df4g5g
    Date: 2025-11-28 17:22
    Duration: 00:47
    Status: done
    -> Downloading audio...
    -> Saved: conv_9301kb5qtbryfdssq2cas6df4g5g.mp3 (0.66 MB)
    -> Saved transcript

[188/250] conv_6101kb5k1mrwfzyb0qvy1exsgxqk
    Date: 2025-11-28 15:59
    Duration: 03:03
    Status: done
    -> Downloading audio...
    -> Saved: conv_6101kb5k1mrwfzyb0qvy1exsgxqk.mp3 (2.76 MB)
    -> Saved transcript

[189/250] conv_1501kb5jv8mdevnb7jfv4227dr42
    Date: 2025-11-28 15:55
    Duration: 02:20
    Status: done
    -> Downloading audio...
    -> Saved: conv_1501kb5jv8mdevnb7jfv4227dr42.mp3 (2.10 MB)
    -> Saved transcript

[190/250] conv_0501kb5j6106ex2a6mnz6z1pa16n
    Date: 2025-11-28 15:44
    Duration: 01:01
    Status: failed
    -> Downloading audio...
    -> Saved: conv_0501kb5j6106ex2a6mnz6z1pa16n.mp3 (0.00 MB)
    -> Saved transcript

[191/250] conv_2901kb4kwyagffcracjvwk8vds2m
    Date: 2025-11-28 06:55
    Duration: 00:58
    Status: done
    -> Downloading audio...
    -> Saved: conv_2901kb4kwyagffcracjvwk8vds2m.mp3 (0.88 MB)
    -> Saved transcript

[192/250] conv_9501kb4j204ne7daf95rx2j889gt
    Date: 2025-11-28 06:22
    Duration: 06:10
    Status: done
    -> Downloading audio...
    -> Saved: conv_9501kb4j204ne7daf95rx2j889gt.mp3 (5.63 MB)
    -> Saved transcript

[193/250] conv_7501kb4he06zfkkttbmrzes3tb70
    Date: 2025-11-28 06:11
    Duration: 00:24
    Status: done
    -> Downloading audio...
    -> Saved: conv_7501kb4he06zfkkttbmrzes3tb70.mp3 (0.36 MB)
    -> Saved transcript

[194/250] conv_4701kb4h5y07fjhrkm7pbtsvpzq9
    Date: 2025-11-28 06:07
    Duration: 00:26
    Status: done
    -> Downloading audio...
    -> Saved: conv_4701kb4h5y07fjhrkm7pbtsvpzq9.mp3 (0.38 MB)
    -> Saved transcript

[195/250] conv_6401kb4erjw1e0rbrkz0x3s2pn5g
    Date: 2025-11-28 05:25
    Duration: 00:01
    Status: done
    -> Downloading audio...
    -> Saved: conv_6401kb4erjw1e0rbrkz0x3s2pn5g.mp3 (0.00 MB)
    -> Saved transcript

[196/250] conv_9101kb4ekd7ffpyb8hyed2mzk68s
    Date: 2025-11-28 05:22
    Duration: 00:06
    Status: done
    -> Downloading audio...
    -> Saved: conv_9101kb4ekd7ffpyb8hyed2mzk68s.mp3 (0.08 MB)
    -> Saved transcript

[197/250] conv_1901kb4ehjsre7aa4h8vtngyn0gq
    Date: 2025-11-28 05:21
    Duration: 00:36
    Status: done
    -> Downloading audio...
    -> Saved: conv_1901kb4ehjsre7aa4h8vtngyn0gq.mp3 (0.53 MB)
    -> Saved transcript

[198/250] conv_0801kb4c338de868xmdf598890dq
    Date: 2025-11-28 04:38
    Duration: 00:53
    Status: done
    -> Downloading audio...
    -> Saved: conv_0801kb4c338de868xmdf598890dq.mp3 (0.81 MB)
    -> Saved transcript

[199/250] conv_7001kb4c1xdwfesacrf0jx88c3hr
    Date: 2025-11-28 04:38
    Duration: 00:12
    Status: done
    -> Downloading audio...
    -> Saved: conv_7001kb4c1xdwfesacrf0jx88c3hr.mp3 (0.17 MB)
    -> Saved transcript

[200/250] conv_2101kb4bn0mgeaa8cqrj89g76fff
    Date: 2025-11-28 04:30
    Duration: 03:35
    Status: done
    -> Downloading audio...
    -> Saved: conv_2101kb4bn0mgeaa8cqrj89g76fff.mp3 (3.27 MB)
    -> Saved transcript

[201/250] conv_5001kb4b5rjqff98sk17m4q20gxv
    Date: 2025-11-28 04:22
    Duration: 05:30
    Status: done
    -> Downloading audio...
    -> Saved: conv_5001kb4b5rjqff98sk17m4q20gxv.mp3 (5.02 MB)
    -> Saved transcript

[202/250] conv_8401kb4awb6nfaxvy115rd9pwyx8
    Date: 2025-11-28 04:17
    Duration: 05:03
    Status: done
    -> Downloading audio...
    -> Saved: conv_8401kb4awb6nfaxvy115rd9pwyx8.mp3 (4.63 MB)
    -> Saved transcript

[203/250] conv_6201kb49mq3kebrsg80wtq3wwm8a
    Date: 2025-11-28 03:55
    Duration: 03:28
    Status: done
    -> Downloading audio...
    -> Saved: conv_6201kb49mq3kebrsg80wtq3wwm8a.mp3 (3.16 MB)
    -> Saved transcript

[204/250] conv_0501kb496rk3fp5bb2b64g6bnmhw
    Date: 2025-11-28 03:48
    Duration: 09:59
    Status: done
    -> Downloading audio...
    -> Saved: conv_0501kb496rk3fp5bb2b64g6bnmhw.mp3 (9.12 MB)
    -> Saved transcript

[205/250] conv_7101kb4940gyfmzahwk767qrcdcb
    Date: 2025-11-28 03:46
    Duration: 03:26
    Status: done
    -> Downloading audio...
    -> Saved: conv_7101kb4940gyfmzahwk767qrcdcb.mp3 (3.14 MB)
    -> Saved transcript

[206/250] conv_7001kb493hnvfcv919jtbrgxm3c7
    Date: 2025-11-28 03:46
    Duration: 00:07
    Status: done
    -> Downloading audio...
    -> Saved: conv_7001kb493hnvfcv919jtbrgxm3c7.mp3 (0.11 MB)
    -> Saved transcript

[207/250] conv_9201kb493824fm0atdxr7j6n041x
    Date: 2025-11-28 03:46
    Duration: 00:06
    Status: done
    -> Downloading audio...
    -> Saved: conv_9201kb493824fm0atdxr7j6n041x.mp3 (0.09 MB)
    -> Saved transcript

[208/250] conv_9701kb490pa1e4z8fkyx3br8gxy3
    Date: 2025-11-28 03:44
    Duration: 00:01
    Status: failed
    -> Downloading audio...
    -> Saved: conv_9701kb490pa1e4z8fkyx3br8gxy3.mp3 (0.00 MB)
    -> Saved transcript

[209/250] conv_6901kb48zrcde0xar2rryzf0w86z
    Date: 2025-11-28 03:44
    Duration: 00:01
    Status: failed
    -> Downloading audio...
    -> Saved: conv_6901kb48zrcde0xar2rryzf0w86z.mp3 (0.00 MB)
    -> Saved transcript

[210/250] conv_1801kb48yz8df1hrrh4kk6z1qdm4
    Date: 2025-11-28 03:43
    Duration: 00:00
    Status: failed
    -> Downloading audio...
    -> Saved: conv_1801kb48yz8df1hrrh4kk6z1qdm4.mp3 (0.00 MB)
    -> Saved transcript

[211/250] conv_4901kb48y2s3ffp9hva795tyvw3z
    Date: 2025-11-28 03:43
    Duration: 00:00
    Status: failed
    -> Downloading audio...
    -> Saved: conv_4901kb48y2s3ffp9hva795tyvw3z.mp3 (0.00 MB)
    -> Saved transcript

[212/250] conv_0101kb48xz80edzbhzmgjbbcczxw
    Date: 2025-11-28 03:43
    Duration: 00:01
    Status: failed
    -> Downloading audio...
    -> Saved: conv_0101kb48xz80edzbhzmgjbbcczxw.mp3 (0.00 MB)
    -> Saved transcript

[213/250] conv_2801kb48wxrve9stx9k0zvbqm8fv
    Date: 2025-11-28 03:42
    Duration: 00:00
    Status: failed
    -> Downloading audio...
    -> Saved: conv_2801kb48wxrve9stx9k0zvbqm8fv.mp3 (0.00 MB)
    -> Saved transcript

[214/250] conv_8301kb48naz0eres5gp6deav74mz
    Date: 2025-11-28 03:38
    Duration: 00:01
    Status: failed
    -> Downloading audio...
    -> Saved: conv_8301kb48naz0eres5gp6deav74mz.mp3 (0.00 MB)
    -> Saved transcript

[215/250] conv_5301kb48j170f2991hwtfz2psegk
    Date: 2025-11-28 03:36
    Duration: 00:00
    Status: failed
    -> Downloading audio...
    -> Saved: conv_5301kb48j170f2991hwtfz2psegk.mp3 (0.00 MB)
    -> Saved transcript

[216/250] conv_5101kb48evh4eb6a75rke3pn9fw6
    Date: 2025-11-28 03:35
    Duration: 00:00
    Status: failed
    -> Downloading audio...
    -> Saved: conv_5101kb48evh4eb6a75rke3pn9fw6.mp3 (0.00 MB)
    -> Saved transcript

[217/250] conv_8801kb48c4z3fyntje37cbcr9y7k
    Date: 2025-11-28 03:33
    Duration: 00:01
    Status: failed
    -> Downloading audio...
    -> Saved: conv_8801kb48c4z3fyntje37cbcr9y7k.mp3 (0.00 MB)
    -> Saved transcript

[218/250] conv_0201kb481qb8e96r0q3n3yefp6q8
    Date: 2025-11-28 03:27
    Duration: 00:29
    Status: done
    -> Downloading audio...
    -> Saved: conv_0201kb481qb8e96r0q3n3yefp6q8.mp3 (0.42 MB)
    -> Saved transcript

[219/250] conv_9801kb47w9z0f62b2mscw90dgedp
    Date: 2025-11-28 03:25
    Duration: 00:44
    Status: done
    -> Downloading audio...
    -> Saved: conv_9801kb47w9z0f62b2mscw90dgedp.mp3 (0.67 MB)
    -> Saved transcript

[220/250] conv_4101kb47vxyjfbav1xg4f7jez2n8
    Date: 2025-11-28 03:24
    Duration: 00:08
    Status: done
    -> Downloading audio...
    -> Saved: conv_4101kb47vxyjfbav1xg4f7jez2n8.mp3 (0.12 MB)
    -> Saved transcript

[221/250] conv_2301kb47vxj3e7gb23fh7ry4bdn4
    Date: 2025-11-28 03:24
    Duration: 00:57
    Status: done
    -> Downloading audio...
    -> Saved: conv_2301kb47vxj3e7gb23fh7ry4bdn4.mp3 (0.86 MB)
    -> Saved transcript

[222/250] conv_6401kb47jn08efttb33td075cb8s
    Date: 2025-11-28 03:19
    Duration: 01:31
    Status: done
    -> Downloading audio...
    -> Saved: conv_6401kb47jn08efttb33td075cb8s.mp3 (1.38 MB)
    -> Saved transcript

[223/250] conv_3901kb4749kxfxvah624gb98dgf4
    Date: 2025-11-28 03:11
    Duration: 05:13
    Status: done
    -> Downloading audio...
    -> Saved: conv_3901kb4749kxfxvah624gb98dgf4.mp3 (4.77 MB)
    -> Saved transcript

[224/250] conv_5701kb46pc85f7w8ff2115k344ps
    Date: 2025-11-28 03:04
    Duration: 00:04
    Status: done
    -> Downloading audio...
    -> Saved: conv_5701kb46pc85f7w8ff2115k344ps.mp3 (0.05 MB)
    -> Saved transcript

[225/250] conv_8901kb46dpxefzgsfkzq6e13tx3j
    Date: 2025-11-28 02:59
    Duration: 01:41
    Status: done
    -> Downloading audio...
    -> Saved: conv_8901kb46dpxefzgsfkzq6e13tx3j.mp3 (1.53 MB)
    -> Saved transcript

[226/250] conv_2501kb4678hzes4r038n7r5gzna5
    Date: 2025-11-28 02:56
    Duration: 02:12
    Status: done
    -> Downloading audio...
    -> Saved: conv_2501kb4678hzes4r038n7r5gzna5.mp3 (2.02 MB)
    -> Saved transcript

[227/250] conv_5701kb4636k1f6ds8xx7jtr351m0
    Date: 2025-11-28 02:53
    Duration: 00:00
    Status: failed
    -> Downloading audio...
    -> Saved: conv_5701kb4636k1f6ds8xx7jtr351m0.mp3 (0.00 MB)
    -> Saved transcript

[228/250] conv_6101kb46337qfnn8pjaxed4szy35
    Date: 2025-11-28 02:53
    Duration: 00:01
    Status: failed
    -> Downloading audio...
    -> Saved: conv_6101kb46337qfnn8pjaxed4szy35.mp3 (0.00 MB)
    -> Saved transcript

[229/250] conv_8901kb462mrse46sqegw8zjbgv9t
    Date: 2025-11-28 02:53
    Duration: 00:01
    Status: failed
    -> Downloading audio...
    -> Saved: conv_8901kb462mrse46sqegw8zjbgv9t.mp3 (0.00 MB)
    -> Saved transcript

[230/250] conv_3101kb45wkdne4n88hkkncs4mg26
    Date: 2025-11-28 02:50
    Duration: 02:30
    Status: done
    -> Downloading audio...
    -> Saved: conv_3101kb45wkdne4n88hkkncs4mg26.mp3 (2.28 MB)
    -> Saved transcript

[231/250] conv_0601kb45p6f7fdjb1p2xr0mtcpny
    Date: 2025-11-28 02:46
    Duration: 03:27
    Status: done
    -> Downloading audio...
    -> Saved: conv_0601kb45p6f7fdjb1p2xr0mtcpny.mp3 (3.14 MB)
    -> Saved transcript

[232/250] conv_5901kb44pkrgfv3rgn1yqak10wc7
    Date: 2025-11-28 02:29
    Duration: 02:09
    Status: done
    -> Downloading audio...
    -> Saved: conv_5901kb44pkrgfv3rgn1yqak10wc7.mp3 (1.97 MB)
    -> Saved transcript

[233/250] conv_9901kb449aezfsbvp19fh05rz19s
    Date: 2025-11-28 02:22
    Duration: 01:56
    Status: done
    -> Downloading audio...
    -> Saved: conv_9901kb449aezfsbvp19fh05rz19s.mp3 (1.76 MB)
    -> Saved transcript

[234/250] conv_2401kb42xn5keddsn72tvzkh0qjk
    Date: 2025-11-28 01:58
    Duration: 02:26
    Status: done
    -> Downloading audio...
    -> Saved: conv_2401kb42xn5keddsn72tvzkh0qjk.mp3 (2.22 MB)
    -> Saved transcript

[235/250] conv_7501kb42rx1xevvrjfm47efrvwfs
    Date: 2025-11-28 01:55
    Duration: 02:33
    Status: done
    -> Downloading audio...
    -> Saved: conv_7501kb42rx1xevvrjfm47efrvwfs.mp3 (2.33 MB)
    -> Saved transcript

[236/250] conv_9701kb42me6yfhf994n67kkjd1tj
    Date: 2025-11-28 01:53
    Duration: 02:25
    Status: done
    -> Downloading audio...
    -> Saved: conv_9701kb42me6yfhf994n67kkjd1tj.mp3 (2.20 MB)
    -> Saved transcript

[237/250] conv_8201kb42m77rer4rpkt1xa7ny6j7
    Date: 2025-11-28 01:53
    Duration: 00:04
    Status: done
    -> Downloading audio...
    -> Saved: conv_8201kb42m77rer4rpkt1xa7ny6j7.mp3 (0.05 MB)
    -> Saved transcript

[238/250] conv_9801kb422860e758v8w92j6r2f2v
    Date: 2025-11-28 01:43
    Duration: 07:02
    Status: done
    -> Downloading audio...
    -> Saved: conv_9801kb422860e758v8w92j6r2f2v.mp3 (6.43 MB)
    -> Saved transcript

[239/250] conv_3601kb3kc2tyfqb8a84rs34kgnct
    Date: 2025-11-27 21:26
    Duration: 02:40
    Status: done
    -> Downloading audio...
    -> Saved: conv_3601kb3kc2tyfqb8a84rs34kgnct.mp3 (2.44 MB)
    -> Saved transcript

[240/250] conv_7901kb23qq2afsnaqga981ekzy2a
    Date: 2025-11-27 07:34
    Duration: 00:46
    Status: done
    -> Downloading audio...
    -> Saved: conv_7901kb23qq2afsnaqga981ekzy2a.mp3 (0.68 MB)
    -> Saved transcript

[241/250] conv_6801kb23k5m1fw1stadzvc2j56k6
    Date: 2025-11-27 07:31
    Duration: 01:42
    Status: done
    -> Downloading audio...
    -> Saved: conv_6801kb23k5m1fw1stadzvc2j56k6.mp3 (1.54 MB)
    -> Saved transcript

[242/250] conv_1501kb23e3htfmbt00508wv3g5t3
    Date: 2025-11-27 07:28
    Duration: 00:59
    Status: done
    -> Downloading audio...
    -> Saved: conv_1501kb23e3htfmbt00508wv3g5t3.mp3 (0.88 MB)
    -> Saved transcript

[243/250] conv_3901kb23a40me70951nahwcc61sv
    Date: 2025-11-27 07:26
    Duration: 01:06
    Status: done
    -> Downloading audio...
    -> Saved: conv_3901kb23a40me70951nahwcc61sv.mp3 (1.00 MB)
    -> Saved transcript

[244/250] conv_6501kb2350cnea09vhczhn5ygng7
    Date: 2025-11-27 07:23
    Duration: 00:43
    Status: done
    -> Downloading audio...
    -> Saved: conv_6501kb2350cnea09vhczhn5ygng7.mp3 (0.64 MB)
    -> Saved transcript

[245/250] conv_6401kb232xtbesfaaa209jh7haqd
    Date: 2025-11-27 07:22
    Duration: 00:45
    Status: done
    -> Downloading audio...
    -> Saved: conv_6401kb232xtbesfaaa209jh7haqd.mp3 (0.68 MB)
    -> Saved transcript

[246/250] conv_9701kb22yca3ey2sqp304x3jxvmm
    Date: 2025-11-27 07:20
    Duration: 01:12
    Status: done
    -> Downloading audio...
    -> Saved: conv_9701kb22yca3ey2sqp304x3jxvmm.mp3 (1.09 MB)
    -> Saved transcript

[247/250] conv_3601kb22qk9xf5c8shzgrq4wjeaq
    Date: 2025-11-27 07:16
    Duration: 01:20
    Status: done
    -> Downloading audio...
    -> Saved: conv_3601kb22qk9xf5c8shzgrq4wjeaq.mp3 (1.22 MB)
    -> Saved transcript

[248/250] conv_1601kb22h7hteybsgrr02b4n5s67
    Date: 2025-11-27 07:13
    Duration: 00:41
    Status: done
    -> Downloading audio...
    -> Saved: conv_1601kb22h7hteybsgrr02b4n5s67.mp3 (0.62 MB)
    -> Saved transcript

[249/250] conv_5101kb22dsvner8a9hg91sc8308w
    Date: 2025-11-27 07:11
    Duration: 00:06
    Status: done
    -> Downloading audio...
    -> Saved: conv_5101kb22dsvner8a9hg91sc8308w.mp3 (0.09 MB)
    -> Saved transcript

[250/250] conv_2501kb227hdyescsr7hppyf0ggh6
    Date: 2025-11-27 07:07
    Duration: 00:17
    Status: done
    -> Downloading audio...
    -> Saved: conv_2501kb227hdyescsr7hppyf0ggh6.mp3 (0.25 MB)
    -> Saved transcript

============================================================
Download complete!
  Downloaded: 247
  Skipped (existing): 3
  Errors: 0

Recordings saved to: /home/mike/Mike-AI/ai-eyes/dj-clips/audio
Transcripts saved to: /home/mike/Mike-AI/ai-eyes/dj-clips/transcripts
