Filtered to 109 conversations with Radio Voice
Processing 109 conversations...
============================================================

[1/109] conv_0001kbphce2veg6b062mms6w5r2y (05:24)
    Extracted: 13 clips
    Skipped: 0 (too short)
    Categories: greetings: 1, uncategorized: 1, reactions: 1, station-ids: 7, transitions: 1, dj-intros: 2

[2/109] conv_0101kbpecpytekra5hdbk4npkpq6 (04:25)
    Extracted: 16 clips
    Skipped: 0 (too short)
    Categories: greetings: 1, station-ids: 10, dj-intros: 2, uncategorized: 1, fillers: 1, reactions: 1

[3/109] conv_0201kb8pwsakfnbr5drd2m8e6yty (12:14)
    Extracted: 5 clips
    Skipped: 0 (too short)
    Categories: greetings: 1, station-ids: 3, reactions: 1

[4/109] conv_0201kb8s40baf04sv78jfvx5twqd (01:53)
    Extracted: 6 clips
    Skipped: 0 (too short)
    Categories: uncategorized: 1, dj-intros: 1, station-ids: 4

[5/109] conv_0201kb9s6x5te2jsm01er0kf256h (03:35)
    Extracted: 5 clips
    Skipped: 0 (too short)
    Categories: greetings: 1, station-ids: 3, uncategorized: 1

[6/109] conv_0401kb9cstfee7x87ajcgd7zk4gn (18:33)
    Extracted: 2 clips
    Skipped: 0 (too short)
    Categories: station-ids: 2

[7/109] conv_0401kbp735tvfckr03efkqw9a1aq (00:17)
    Extracted: 3 clips
    Skipped: 0 (too short)
    Categories: greetings: 2, uncategorized: 1

[8/109] conv_0401kbvj8z3rfsfv6emxteh9y4ry (04:01)
    Extracted: 16 clips
    Skipped: 0 (too short)
    Categories: uncategorized: 3, reactions: 5, station-ids: 4, transitions: 1, dj-intros: 2, fillers: 1

[9/109] conv_0401kc074q1eep5a8f76dtzxstn4 (02:58)
    Extracted: 4 clips
    Skipped: 0 (too short)
    Categories: greetings: 1, station-ids: 3

[10/109] conv_0701kb9eje6pfv2rfbtxv53ms4df (01:51)
    Extracted: 7 clips
    Skipped: 0 (too short)
    Categories: reactions: 1, station-ids: 1, dj-intros: 5

[11/109] conv_0701kbp3t7c2fb5a2kwv1da007nb (03:21)
    Extracted: 11 clips
    Skipped: 0 (too short)
    Categories: greetings: 1, dj-intros: 3, transitions: 3, station-ids: 4

[12/109] conv_0801kb92z1bbf9796d2d9zd94xkb (01:37)
    Extracted: 3 clips
    Skipped: 0 (too short)
    Categories: uncategorized: 1, station-ids: 2

[13/109] conv_0801kb9a1keweswa5mk7cyamrkba (00:15)
    Extracted: 3 clips
    Skipped: 0 (too short)
    Categories: greetings: 1, reactions: 1, dj-intros: 1

[14/109] conv_0901kbp38sa1eeyrbvpxgjtptwjw (00:10)
    Extracted: 2 clips
    Skipped: 0 (too short)
    Categories: uncategorized: 1, station-ids: 1

[15/109] conv_0901kbp6cxa9etxbtkttxsrvy47d (02:44)
    Extracted: 5 clips
    Skipped: 0 (too short)
    Categories: greetings: 1, station-ids: 3, transitions: 1

[16/109] conv_0901kbpfkywae6aa9q6rwj2597kg (00:59)
    Extracted: 5 clips
    Skipped: 0 (too short)
    Categories: uncategorized: 1, transitions: 1, fillers: 1, station-ids: 1, dj-intros: 1

[17/109] conv_1001kb8wrxfseztsjppy830g4n45 (00:36)
    Extracted: 3 clips
    Skipped: 0 (too short)
    Categories: uncategorized: 1, station-ids: 1, reactions: 1

[18/109] conv_1001kbaxjb2mfwnre22v8hbg56te (00:13)
    Extracted: 2 clips
    Skipped: 0 (too short)
    Categories: reactions: 1, station-ids: 1

[19/109] conv_1101kb8x7m4gfftt48fwtwrpf6r4 (01:04)
    Extracted: 4 clips
    Skipped: 0 (too short)
    Categories: greetings: 1, transitions: 3

[20/109] conv_1101kb9pd5feeyqamd6wfrseva9h (02:10)
    Extracted: 4 clips
    Skipped: 0 (too short)
    Categories: greetings: 1, station-ids: 2, dj-intros: 1

[21/109] conv_1201kb9gayzzf64vd5j5j3c15wj4 (00:18)
    Extracted: 2 clips
    Skipped: 1 (too short)
    Categories: uncategorized: 1, station-ids: 1

[22/109] conv_1301kb905jhxec29pmft1pey1znn (00:36)
    Extracted: 4 clips
    Skipped: 0 (too short)
    Categories: greetings: 1, station-ids: 2, transitions: 1

[23/109] conv_1301kbp4zd2nfbk89j79mp9hd1z1 (01:55)
    Extracted: 7 clips
    Skipped: 0 (too short)
    Categories: uncategorized: 1, station-ids: 3, dj-intros: 3

[24/109] conv_1301kbpjsg3cegrvqjz8xmb15y9q (02:09)
    Extracted: 5 clips
    Skipped: 0 (too short)
    Categories: greetings: 1, station-ids: 2, dj-intros: 1, fillers: 1

[25/109] conv_1701kb91b1mqfy3ryfwd0qsf7g3m (02:54)
    Extracted: 4 clips
    Skipped: 0 (too short)
    Categories: reactions: 1, station-ids: 3

[26/109] conv_1701kbzx0m0mf5xr47r821mznvq9 (02:57)
    Extracted: 8 clips
    Skipped: 0 (too short)
    Categories: greetings: 3, station-ids: 3, dj-intros: 1, reactions: 1

[27/109] conv_1801kb90w8pqfjnap55rt19ps7zs (03:08)
    Extracted: 10 clips
    Skipped: 0 (too short)
    Categories: uncategorized: 4, station-ids: 2, dj-intros: 3, reactions: 1

[28/109] conv_2001kcccrychfjk8fp7pxymymccq (09:02)
    Extracted: 16 clips
    Skipped: 0 (too short)
    Categories: greetings: 2, uncategorized: 6, fillers: 2, station-ids: 4, dj-intros: 2

[29/109] conv_2101kb9nteq3e709dawqwzgy5gqg (00:41)
    Extracted: 3 clips
    Skipped: 0 (too short)
    Categories: greetings: 1, station-ids: 2

[30/109] conv_2401kbpftf76f4bbw2yksjk92pwh (00:19)
    Extracted: 3 clips
    Skipped: 0 (too short)
    Categories: reactions: 1, transitions: 1, station-ids: 1

[31/109] conv_2601kb9h05n7few823czvs46kg6m (01:04)
    Extracted: 4 clips
    Skipped: 0 (too short)
    Categories: reactions: 1, transitions: 1, fillers: 1, uncategorized: 1

[32/109] conv_2701kbax2y9jeh5v8fnd7zjk271j (02:39)
    Extracted: 11 clips
    Skipped: 0 (too short)
    Categories: greetings: 1, station-ids: 1, reactions: 3, ad-reads: 2, dj-intros: 4

[33/109] conv_2701kbpffzvje4yb9zama9zmpns4 (01:10)
    Extracted: 5 clips
    Skipped: 0 (too short)
    Categories: greetings: 1, dj-intros: 1, station-ids: 2, transitions: 1

[34/109] conv_2801kb8wxrxwe83shyq8fdd5sw8a (00:13)
    Extracted: 3 clips
    Skipped: 0 (too short)
    Categories: station-ids: 3

[35/109] conv_2901kbtw8vzmeafbpgrngjgk3wkf (17:22)
    Extracted: 25 clips
    Skipped: 0 (too short)
    Categories: greetings: 4, fillers: 1, uncategorized: 8, station-ids: 8, transitions: 1, dj-intros: 3

[36/109] conv_3001kb8ja2cyemkva9r0e37hgxbv (00:28)
    Extracted: 3 clips
    Skipped: 0 (too short)
    Categories: uncategorized: 1, dj-intros: 1, greetings: 1

[37/109] conv_3001kb95mccdf9w8gvmb3vzfberw (00:37)
    Extracted: 4 clips
    Skipped: 0 (too short)
    Categories: greetings: 1, station-ids: 1, transitions: 1, fillers: 1

[38/109] conv_3001kbx4pqemexh8svzee9dgpxtz (13:55)
    Extracted: 15 clips
    Skipped: 0 (too short)
    Categories: uncategorized: 3, reactions: 2, station-ids: 3, transitions: 3, fillers: 1, dj-intros: 2, greetings: 1

[39/109] conv_3101kbvddqwwexw817561wkzzfys (03:08)
    Extracted: 9 clips
    Skipped: 0 (too short)
    Categories: reactions: 2, uncategorized: 5, dj-intros: 1, station-ids: 1

[40/109] conv_3201kb96bkn4eaasbx02fcvwbfrj (00:21)
    Extracted: 2 clips
    Skipped: 0 (too short)
    Categories: greetings: 1, fillers: 1

[41/109] conv_3201kb9eb8r1eqytz9vrac4twmbb (01:44)
    Extracted: 7 clips
    Skipped: 0 (too short)
    Categories: greetings: 2, station-ids: 1, dj-intros: 3, reactions: 1

[42/109] conv_3301kb9qnwhrf4p80m5v6bv62ftk (15:40)
    Extracted: 39 clips
    Skipped: 1 (too short)
    Categories: greetings: 1, station-ids: 3, ad-reads: 3, reactions: 7, transitions: 7, dj-intros: 16, song-outros: 2

[43/109] conv_3301kbp8048zenqs031h7nbwezfv (04:22)
    Extracted: 15 clips
    Skipped: 0 (too short)
    Categories: greetings: 3, uncategorized: 6, station-ids: 1, transitions: 3, dj-intros: 2

[44/109] conv_3301kbza7qzqenrb8vn0r628kybq (03:28)
    Extracted: 8 clips
    Skipped: 0 (too short)
    Categories: reactions: 1, station-ids: 2, transitions: 2, fillers: 1, dj-intros: 2

[45/109] conv_3401kbwvyhmgfpm9gwfsc4ajenjb (02:57)
    Extracted: 10 clips
    Skipped: 0 (too short)
    Categories: greetings: 1, reactions: 1, station-ids: 4, dj-intros: 3, transitions: 1

[46/109] conv_3501kbawmr45ejp9hp9v59h2qktq (00:24)
    Extracted: 4 clips
    Skipped: 0 (too short)
    Categories: greetings: 1, station-ids: 1, dj-intros: 2

[47/109] conv_3601kbvpyjrze2rv2rjm5k8yajvc (00:20)
    Extracted: 2 clips
    Skipped: 0 (too short)
    Categories: uncategorized: 1, station-ids: 1

[48/109] conv_3801kb9n8dt9encs7bkzsc4eaw7v (01:04)
    Extracted: 4 clips
    Skipped: 0 (too short)
    Categories: greetings: 1, station-ids: 2, ad-reads: 1

[49/109] conv_3901kbp1vmn6ew7ad0x5ykav1qkb (11:15)
    Extracted: 13 clips
    Skipped: 0 (too short)
    Categories: greetings: 3, uncategorized: 6, dj-intros: 2, station-ids: 2

[50/109] conv_4201kb94zstmfpz84tsnkp1a1mmg (00:11)
    Extracted: 2 clips
    Skipped: 0 (too short)
    Categories: uncategorized: 1, station-ids: 1

[51/109] conv_4301kb9bwy8teksakd18cnnawjsk (03:29)
    Extracted: 10 clips
    Skipped: 0 (too short)
    Categories: uncategorized: 2, dj-intros: 5, transitions: 2, fillers: 1

[52/109] conv_4501kb90h8w8ee99q7gp4hnc66vp (02:03)
    Extracted: 6 clips
    Skipped: 0 (too short)
    Categories: greetings: 3, reactions: 1, station-ids: 2

[53/109] conv_4501kb9g0fhzfdh9s8yjjfc8yzka (01:01)
    Extracted: 4 clips
    Skipped: 0 (too short)
    Categories: reactions: 1, station-ids: 1, transitions: 1, dj-intros: 1

[54/109] conv_4501kbp31g3xfzatcg8qrzmfcddm (01:00)
    Extracted: 4 clips
    Skipped: 0 (too short)
    Categories: uncategorized: 2, station-ids: 2

[55/109] conv_4601kcchtejbf69bqcn3z6gmp8hx (07:31)
    Extracted: 14 clips
    Skipped: 0 (too short)
    Categories: reactions: 3, station-ids: 8, transitions: 2, dj-intros: 1

[56/109] conv_5101kb92ga85f7mrw4tpfv7jmdah (01:16)
    Extracted: 5 clips
    Skipped: 1 (too short)
    Categories: reactions: 1, station-ids: 1, dj-intros: 1, uncategorized: 1, greetings: 1

[57/109] conv_5201kbzsm43vex3t5e451pmmcp4z (13:35)
    Extracted: 23 clips
    Skipped: 0 (too short)
    Categories: uncategorized: 11, reactions: 4, transitions: 4, station-ids: 3, greetings: 1

[58/109] conv_5301kbp9p2f9fwv9w7d5gpbvk054 (06:20)
    Extracted: 9 clips
    Skipped: 0 (too short)
    Categories: greetings: 1, dj-intros: 4, transitions: 1, reactions: 1, uncategorized: 2

[59/109] conv_5301kbpk0q5jf6zbz204ag5p519a (06:25)
    Extracted: 9 clips
    Skipped: 0 (too short)
    Categories: greetings: 2, reactions: 2, uncategorized: 1, station-ids: 1, dj-intros: 1, transitions: 1, fillers: 1

[60/109] conv_5401kb95w914fbzrcd6512rty3dz (04:39)
    Extracted: 13 clips
    Skipped: 0 (too short)
    Categories: greetings: 1, station-ids: 8, reactions: 2, dj-intros: 1, fillers: 1

[61/109] conv_5401kbp41q7ze0kb8egt9d1rxs41 (01:34)
    Extracted: 4 clips
    Skipped: 0 (too short)
    Categories: uncategorized: 2, station-ids: 1, transitions: 1

[62/109] conv_5501kb92yjd7ejwbs152htxbf8r1 (08:07)
    Extracted: 6 clips
    Skipped: 0 (too short)
    Categories: reactions: 1, dj-intros: 3, station-ids: 1, uncategorized: 1

[63/109] conv_5601kb9tsvjzfkd8b226z5vck5rf (02:58)
    Extracted: 12 clips
    Skipped: 1 (too short)
    Categories: reactions: 1, station-ids: 1, dj-intros: 7, transitions: 2, uncategorized: 1

[64/109] conv_5601kbvkdypwepmv83v8vpvxzc61 (01:06)
    Extracted: 3 clips
    Skipped: 0 (too short)
    Categories: greetings: 2, station-ids: 1

[65/109] conv_5701kb8z59d6e1dbvk3gceb1mbeh (00:44)
    Extracted: 4 clips
    Skipped: 0 (too short)
    Categories: greetings: 1, station-ids: 3

[66/109] conv_5901kb8j6534fqkrfw13sy8qrmt2 (00:14)
    Extracted: 2 clips
    Skipped: 0 (too short)
    Categories: greetings: 1, station-ids: 1

[67/109] conv_5901kb95phm6edw9x5s0wpyn1e46 (01:29)
    Extracted: 6 clips
    Skipped: 0 (too short)
    Categories: reactions: 1, station-ids: 3, dj-intros: 2

[68/109] conv_5901kb9cdpnve948wxqaaex4y0df (03:59)
    Extracted: 14 clips
    Skipped: 0 (too short)
    Categories: greetings: 2, dj-intros: 9, reactions: 2, transitions: 1

[69/109] conv_5901kbdkhrk9fc69cvgtgncj6kjd (41:38)
    Extracted: 32 clips
    Skipped: 2 (too short)
    Categories: uncategorized: 2, reactions: 6, transitions: 2, dj-intros: 14, station-ids: 7, greetings: 1

[70/109] conv_6201kb9qaaxpeet8tgsw85fhs9jf (05:24)
    Extracted: 13 clips
    Skipped: 0 (too short)
    Categories: uncategorized: 1, dj-intros: 5, station-ids: 4, greetings: 1, song-outros: 1, fillers: 1

[71/109] conv_6201kb9t3kx3ey797hwg1w7rt69f (03:16)
    Extracted: 14 clips
    Skipped: 1 (too short)
    Categories: uncategorized: 8, greetings: 1, station-ids: 4, fillers: 1

[72/109] conv_6301kb8tey5zebdb4arn2yg6dycp (00:51)
    Extracted: 5 clips
    Skipped: 0 (too short)
    Categories: uncategorized: 1, station-ids: 2, dj-intros: 1, greetings: 1

[73/109] conv_6301kb91krzwfwctyjpv5pdkx1qm (01:06)
    Extracted: 4 clips
    Skipped: 0 (too short)
    Categories: greetings: 1, station-ids: 2, uncategorized: 1

[74/109] conv_6401kb9nc2bkfk4sz6c604he3wmd (01:11)
    Extracted: 6 clips
    Skipped: 0 (too short)
    Categories: uncategorized: 1, station-ids: 5

[75/109] conv_6701kbxb2hjge6cr0f78x4t2dryg (05:32)
    Extracted: 9 clips
    Skipped: 0 (too short)
    Categories: greetings: 1, uncategorized: 2, station-ids: 1, reactions: 3, transitions: 1, dj-intros: 1

[76/109] conv_6801kbtqc2ejftzteryp6hc196jd (12:18)
    Extracted: 20 clips
    Skipped: 0 (too short)
    Categories: greetings: 1, uncategorized: 5, station-ids: 10, dj-intros: 1, transitions: 2, fillers: 1

[77/109] conv_6901kc0ha3egexk9sh40pxmawxmj (01:16)
    Extracted: 3 clips
    Skipped: 0 (too short)
    Categories: greetings: 1, station-ids: 1, dj-intros: 1

[78/109] conv_7101kb951gr6ewgt7fb5p413y3mh (04:02)
    Extracted: 12 clips
    Skipped: 0 (too short)
    Categories: uncategorized: 1, station-ids: 1, dj-intros: 2, reactions: 3, transitions: 3, greetings: 2

[79/109] conv_7101kbp111x4fhmr1trc98aakngr (01:28)
    Extracted: 9 clips
    Skipped: 0 (too short)
    Categories: reactions: 2, greetings: 4, dj-intros: 1, fillers: 1, transitions: 1

[80/109] conv_7301kb90pg80e7yagf9ds3d99653 (00:23)
    Extracted: 3 clips
    Skipped: 0 (too short)
    Categories: reactions: 1, dj-intros: 1, uncategorized: 1

[81/109] conv_7301kbp2p75ne3x94mdqgxn5cdez (03:42)
    Extracted: 10 clips
    Skipped: 0 (too short)
    Categories: greetings: 1, uncategorized: 6, station-ids: 3

[82/109] conv_7501kb9bf02ve9cbhepcpc14q4h0 (00:30)
    Extracted: 3 clips
    Skipped: 1 (too short)
    Categories: reactions: 1, station-ids: 2

[83/109] conv_7501kbawq0kvfv7bcb9gezns50zn (03:03)
    Extracted: 12 clips
    Skipped: 0 (too short)
    Categories: uncategorized: 2, dj-intros: 3, station-ids: 3, transitions: 4

[84/109] conv_7501kc08jctje4g9jz55k9nvx7ab (39:48)
    Extracted: 77 clips
    Skipped: 0 (too short)
    Categories: reactions: 9, station-ids: 45, dj-intros: 20, greetings: 3

[85/109] conv_7601kc06hdnhfmese3g1pkbbgw9x (00:31)
    Extracted: 3 clips
    Skipped: 0 (too short)
    Categories: greetings: 1, uncategorized: 1, station-ids: 1

[86/109] conv_7701kb93x166f8nrtz0tp69ncy79 (00:13)
    Extracted: 3 clips
    Skipped: 0 (too short)
    Categories: reactions: 1, dj-intros: 1, station-ids: 1

[87/109] conv_7801kbx6ksm5ecyte2z9hw1de01d (00:36)
    Extracted: 3 clips
    Skipped: 1 (too short)
    Categories: greetings: 1, station-ids: 2

[88/109] conv_8001kb99sj83eqqarc181tvxas97 (01:25)
    Extracted: 5 clips
    Skipped: 0 (too short)
    Categories: reactions: 1, station-ids: 3, dj-intros: 1

[89/109] conv_8101kb94pyxgfwmr5wz1x80jbbx5 (00:48)
    Extracted: 5 clips
    Skipped: 0 (too short)
    Categories: uncategorized: 1, reactions: 1, dj-intros: 3

[90/109] conv_8101kb9kfsj9f2ys72jawhkqdrtv (05:02)
    Extracted: 11 clips
    Skipped: 0 (too short)
    Categories: uncategorized: 8, station-ids: 1, reactions: 1, dj-intros: 1

[91/109] conv_8101kbp4ds3ve7es5dw94atsg1fn (01:44)
    Extracted: 5 clips
    Skipped: 0 (too short)
    Categories: uncategorized: 1, dj-intros: 1, station-ids: 1, transitions: 1, reactions: 1

[92/109] conv_8201kbp0vv7yenbvcwpwf1tkt1fw (00:23)
    Extracted: 4 clips
    Skipped: 0 (too short)
    Categories: reactions: 1, greetings: 1, station-ids: 2

[93/109] conv_8301kccjd6yse858r60yjwe9akvc (11:10)
    Extracted: 23 clips
    Skipped: 0 (too short)
    Categories: greetings: 1, station-ids: 14, transitions: 4, dj-intros: 1, reactions: 2, fillers: 1

[94/109] conv_8601kb9mmrr0ftxbyetd7kgbq3mq (02:41)
    Extracted: 9 clips
    Skipped: 0 (too short)
    Categories: uncategorized: 1, station-ids: 4, dj-intros: 3, transitions: 1

[95/109] conv_8701kb9a6a2wew8vfpsn206k3tra (06:25)
    Extracted: 22 clips
    Skipped: 0 (too short)
    Categories: reactions: 2, transitions: 5, greetings: 1, dj-intros: 14

[96/109] conv_8701kb9fqyr9ewas7p5qr95kdzx0 (01:08)
    Extracted: 4 clips
    Skipped: 0 (too short)
    Categories: reactions: 1, station-ids: 2, fillers: 1

[97/109] conv_8901kb8wzq87f6mb6df2y2qetdqd (00:12)
    Extracted: 3 clips
    Skipped: 0 (too short)
    Categories: greetings: 1, station-ids: 2

[98/109] conv_9001kbpdpqf4ejea7e9xtxz3jrfz (07:18)
    Extracted: 25 clips
    Skipped: 0 (too short)
    Categories: greetings: 3, station-ids: 4, dj-intros: 10, transitions: 6, uncategorized: 1, fillers: 1

[99/109] conv_9101kbpgnn0fedq8j6mqexp4s8hn (03:37)
    Extracted: 11 clips
    Skipped: 0 (too short)
    Categories: reactions: 1, station-ids: 5, greetings: 1, uncategorized: 2, dj-intros: 1, transitions: 1

[100/109] conv_9201kbxyy904ef8rbr4vsxcvgwhv (11:35)
    Extracted: 18 clips
    Skipped: 0 (too short)
    Categories: greetings: 3, dj-intros: 2, station-ids: 6, reactions: 1, uncategorized: 3, ad-reads: 1, transitions: 1, fillers: 1

[101/109] conv_9401kb9fkee2e0tbmwdtf6t1y941 (00:43)
    Extracted: 4 clips
    Skipped: 0 (too short)
    Categories: uncategorized: 1, station-ids: 2, transitions: 1

[102/109] conv_9401kb9m95y0edc9m755ws47451y (05:07)
    Extracted: 10 clips
    Skipped: 0 (too short)
    Categories: greetings: 1, station-ids: 2, fillers: 2, dj-intros: 3, transitions: 2

[103/109] conv_9401kbpf6pxqfw8rhqvw91rn98dk (04:24)
    Extracted: 4 clips
    Skipped: 0 (too short)
    Categories: uncategorized: 1, station-ids: 1, fillers: 1, transitions: 1

[104/109] conv_9501kb8nna4yfeqa1t4t5kkywzcc (01:20)
    Extracted: 6 clips
    Skipped: 0 (too short)
    Categories: uncategorized: 2, reactions: 1, station-ids: 2, dj-intros: 1

[105/109] conv_9601kb9h2redfnbtw9n198wssz0k (04:04)
    Extracted: 21 clips
    Skipped: 0 (too short)
    Categories: uncategorized: 1, dj-intros: 12, reactions: 3, transitions: 3, fillers: 1, station-ids: 1

[106/109] conv_9601kb9jpy7kf9dt1mt4h82r0mq7 (05:11)
    Extracted: 16 clips
    Skipped: 0 (too short)
    Categories: reactions: 2, station-ids: 6, dj-intros: 4, transitions: 4

[107/109] conv_9601kbqwpxhbe7ssbq0ngd2zmpt7 (14:33)
    Extracted: 20 clips
    Skipped: 0 (too short)
    Categories: uncategorized: 1, station-ids: 10, transitions: 3, greetings: 3, dj-intros: 3

[108/109] conv_9801kb9gnsk2eaj9m07jr6n9w2wf (01:51)
    Extracted: 5 clips
    Skipped: 0 (too short)
    Categories: uncategorized: 1, station-ids: 2, dj-intros: 1, ad-reads: 1

[109/109] conv_9801kbttymmgevqvenvddvamewzt (22:19)
    Extracted: 38 clips
    Skipped: 0 (too short)
    Categories: reactions: 7, uncategorized: 9, greetings: 1, station-ids: 13, transitions: 7, dj-intros: 1

============================================================
EXTRACTION COMPLETE
============================================================
Total clips extracted: 1024
Total skipped: 9

By category:
    station-ids: 326
    dj-intros: 218
    uncategorized: 144
    reactions: 105
    transitions: 100
    greetings: 93
    fillers: 27
    ad-reads: 8
    song-outros: 3

Clips index saved to: /home/mike/Mike-AI/ai-eyes/dj-clips/clips/clips_index.json

Clips saved to: /home/mike/Mike-AI/ai-eyes/dj-clips/clips
